{"C:\\Users\\lauti\\bot-irrigacion\\src\\config\\db.js": {"path":"C:\\Users\\lauti\\bot-irrigacion\\src\\config\\db.js","statementMap":{"0":{"start":{"line":1,"column":0},"end":{"line":1,"column":27}},"1":{"start":{"line":2,"column":14},"end":{"line":2,"column":39}},"2":{"start":{"line":5,"column":16},"end":{"line":5,"column":55}},"3":{"start":{"line":7,"column":11},"end":{"line":7,"column":15}},"4":{"start":{"line":12,"column":21},"end":{"line":139,"column":1}},"5":{"start":{"line":13,"column":2},"end":{"line":13,"column":24}},"6":{"start":{"line":13,"column":12},"end":{"line":13,"column":24}},"7":{"start":{"line":16,"column":25},"end":{"line":20,"column":4}},"8":{"start":{"line":23,"column":2},"end":{"line":23,"column":77}},"9":{"start":{"line":24,"column":2},"end":{"line":24,"column":64}},"10":{"start":{"line":27,"column":2},"end":{"line":35,"column":5}},"11":{"start":{"line":38,"column":2},"end":{"line":51,"column":5}},"12":{"start":{"line":54,"column":2},"end":{"line":65,"column":3}},"13":{"start":{"line":55,"column":4},"end":{"line":58,"column":7}},"14":{"start":{"line":59,"column":4},"end":{"line":59,"column":50}},"15":{"start":{"line":62,"column":4},"end":{"line":64,"column":5}},"16":{"start":{"line":63,"column":6},"end":{"line":63,"column":62}},"17":{"start":{"line":68,"column":2},"end":{"line":75,"column":5}},"18":{"start":{"line":77,"column":2},"end":{"line":89,"column":5}},"19":{"start":{"line":91,"column":2},"end":{"line":101,"column":5}},"20":{"start":{"line":103,"column":2},"end":{"line":115,"column":5}},"21":{"start":{"line":117,"column":2},"end":{"line":133,"column":5}},"22":{"start":{"line":135,"column":2},"end":{"line":135,"column":92}},"23":{"start":{"line":137,"column":2},"end":{"line":137,"column":29}},"24":{"start":{"line":138,"column":2},"end":{"line":138,"column":14}},"25":{"start":{"line":141,"column":16},"end":{"line":144,"column":1}},"26":{"start":{"line":142,"column":2},"end":{"line":142,"column":86}},"27":{"start":{"line":142,"column":13},"end":{"line":142,"column":86}},"28":{"start":{"line":143,"column":2},"end":{"line":143,"column":14}},"29":{"start":{"line":147,"column":0},"end":{"line":150,"column":2}}},"fnMap":{"0":{"name":"(anonymous_0)","decl":{"start":{"line":12,"column":21},"end":{"line":12,"column":22}},"loc":{"start":{"line":12,"column":33},"end":{"line":139,"column":1}},"line":12},"1":{"name":"(anonymous_1)","decl":{"start":{"line":141,"column":16},"end":{"line":141,"column":17}},"loc":{"start":{"line":141,"column":22},"end":{"line":144,"column":1}},"line":141}},"branchMap":{"0":{"loc":{"start":{"line":5,"column":16},"end":{"line":5,"column":55}},"type":"binary-expr","locations":[{"start":{"line":5,"column":16},"end":{"line":5,"column":35}},{"start":{"line":5,"column":39},"end":{"line":5,"column":55}}],"line":5},"1":{"loc":{"start":{"line":13,"column":2},"end":{"line":13,"column":24}},"type":"if","locations":[{"start":{"line":13,"column":2},"end":{"line":13,"column":24}},{"start":{},"end":{}}],"line":13},"2":{"loc":{"start":{"line":17,"column":10},"end":{"line":17,"column":44}},"type":"binary-expr","locations":[{"start":{"line":17,"column":10},"end":{"line":17,"column":29}},{"start":{"line":17,"column":33},"end":{"line":17,"column":44}}],"line":17},"3":{"loc":{"start":{"line":18,"column":10},"end":{"line":18,"column":39}},"type":"binary-expr","locations":[{"start":{"line":18,"column":10},"end":{"line":18,"column":29}},{"start":{"line":18,"column":33},"end":{"line":18,"column":39}}],"line":18},"4":{"loc":{"start":{"line":19,"column":14},"end":{"line":19,"column":43}},"type":"binary-expr","locations":[{"start":{"line":19,"column":14},"end":{"line":19,"column":37}},{"start":{"line":19,"column":41},"end":{"line":19,"column":43}}],"line":19},"5":{"loc":{"start":{"line":28,"column":10},"end":{"line":28,"column":44}},"type":"binary-expr","locations":[{"start":{"line":28,"column":10},"end":{"line":28,"column":29}},{"start":{"line":28,"column":33},"end":{"line":28,"column":44}}],"line":28},"6":{"loc":{"start":{"line":29,"column":10},"end":{"line":29,"column":39}},"type":"binary-expr","locations":[{"start":{"line":29,"column":10},"end":{"line":29,"column":29}},{"start":{"line":29,"column":33},"end":{"line":29,"column":39}}],"line":29},"7":{"loc":{"start":{"line":30,"column":14},"end":{"line":30,"column":43}},"type":"binary-expr","locations":[{"start":{"line":30,"column":14},"end":{"line":30,"column":37}},{"start":{"line":30,"column":41},"end":{"line":30,"column":43}}],"line":30},"8":{"loc":{"start":{"line":62,"column":4},"end":{"line":64,"column":5}},"type":"if","locations":[{"start":{"line":62,"column":4},"end":{"line":64,"column":5}},{"start":{},"end":{}}],"line":62},"9":{"loc":{"start":{"line":142,"column":2},"end":{"line":142,"column":86}},"type":"if","locations":[{"start":{"line":142,"column":2},"end":{"line":142,"column":86}},{"start":{},"end":{}}],"line":142}},"s":{"0":0,"1":0,"2":0,"3":0,"4":0,"5":0,"6":0,"7":0,"8":0,"9":0,"10":0,"11":0,"12":0,"13":0,"14":0,"15":0,"16":0,"17":0,"18":0,"19":0,"20":0,"21":0,"22":0,"23":0,"24":0,"25":0,"26":0,"27":0,"28":0,"29":0},"f":{"0":0,"1":0},"b":{"0":[0,0],"1":[0,0],"2":[0,0],"3":[0,0],"4":[0,0],"5":[0,0],"6":[0,0],"7":[0,0],"8":[0,0],"9":[0,0]}}
,"C:\\Users\\lauti\\bot-irrigacion\\src\\config\\swaggerConfig.js": {"path":"C:\\Users\\lauti\\bot-irrigacion\\src\\config\\swaggerConfig.js","statementMap":{"0":{"start":{"line":6,"column":21},"end":{"line":6,"column":45}},"1":{"start":{"line":8,"column":16},"end":{"line":113,"column":1}},"2":{"start":{"line":115,"column":20},"end":{"line":115,"column":41}},"3":{"start":{"line":117,"column":0},"end":{"line":117,"column":29}}},"fnMap":{},"branchMap":{},"s":{"0":0,"1":0,"2":0,"3":0},"f":{},"b":{}}
,"C:\\Users\\lauti\\bot-irrigacion\\src\\controllers\\apiController.js": {"path":"C:\\Users\\lauti\\bot-irrigacion\\src\\controllers\\apiController.js","statementMap":{"0":{"start":{"line":1,"column":23},"end":{"line":1,"column":60}},"1":{"start":{"line":2,"column":24},"end":{"line":2,"column":62}},"2":{"start":{"line":3,"column":23},"end":{"line":3,"column":60}},"3":{"start":{"line":4,"column":43},"end":{"line":4,"column":81}},"4":{"start":{"line":5,"column":11},"end":{"line":5,"column":24}},"5":{"start":{"line":6,"column":13},"end":{"line":6,"column":28}},"6":{"start":{"line":7,"column":34},"end":{"line":7,"column":70}},"7":{"start":{"line":12,"column":20},"end":{"line":28,"column":1}},"8":{"start":{"line":13,"column":2},"end":{"line":27,"column":3}},"9":{"start":{"line":14,"column":21},"end":{"line":14,"column":67}},"10":{"start":{"line":16,"column":4},"end":{"line":20,"column":7}},"11":{"start":{"line":22,"column":4},"end":{"line":22,"column":52}},"12":{"start":{"line":23,"column":4},"end":{"line":26,"column":7}},"13":{"start":{"line":33,"column":23},"end":{"line":53,"column":1}},"14":{"start":{"line":34,"column":2},"end":{"line":52,"column":3}},"15":{"start":{"line":35,"column":24},"end":{"line":35,"column":34}},"16":{"start":{"line":36,"column":4},"end":{"line":38,"column":5}},"17":{"start":{"line":37,"column":6},"end":{"line":37,"column":82}},"18":{"start":{"line":40,"column":17},"end":{"line":40,"column":44}},"19":{"start":{"line":41,"column":4},"end":{"line":43,"column":5}},"20":{"start":{"line":42,"column":6},"end":{"line":42,"column":84}},"21":{"start":{"line":45,"column":36},"end":{"line":45,"column":68}},"22":{"start":{"line":46,"column":4},"end":{"line":46,"column":95}},"23":{"start":{"line":47,"column":4},"end":{"line":47,"column":47}},"24":{"start":{"line":48,"column":4},"end":{"line":48,"column":21}},"25":{"start":{"line":50,"column":4},"end":{"line":50,"column":55}},"26":{"start":{"line":51,"column":4},"end":{"line":51,"column":80}},"27":{"start":{"line":58,"column":24},"end":{"line":81,"column":1}},"28":{"start":{"line":59,"column":2},"end":{"line":80,"column":3}},"29":{"start":{"line":60,"column":25},"end":{"line":60,"column":35}},"30":{"start":{"line":61,"column":18},"end":{"line":61,"column":67}},"31":{"start":{"line":62,"column":19},"end":{"line":62,"column":68}},"32":{"start":{"line":64,"column":21},"end":{"line":64,"column":82}},"33":{"start":{"line":66,"column":4},"end":{"line":73,"column":7}},"34":{"start":{"line":75,"column":4},"end":{"line":75,"column":56}},"35":{"start":{"line":76,"column":4},"end":{"line":79,"column":7}},"36":{"start":{"line":86,"column":21},"end":{"line":110,"column":1}},"37":{"start":{"line":87,"column":2},"end":{"line":109,"column":3}},"38":{"start":{"line":88,"column":4},"end":{"line":90,"column":5}},"39":{"start":{"line":89,"column":6},"end":{"line":89,"column":84}},"40":{"start":{"line":92,"column":4},"end":{"line":96,"column":5}},"41":{"start":{"line":93,"column":6},"end":{"line":93,"column":49}},"42":{"start":{"line":95,"column":6},"end":{"line":95,"column":96}},"43":{"start":{"line":98,"column":24},"end":{"line":98,"column":55}},"44":{"start":{"line":100,"column":4},"end":{"line":105,"column":7}},"45":{"start":{"line":107,"column":4},"end":{"line":107,"column":53}},"46":{"start":{"line":108,"column":4},"end":{"line":108,"column":78}},"47":{"start":{"line":115,"column":22},"end":{"line":159,"column":1}},"48":{"start":{"line":116,"column":2},"end":{"line":158,"column":3}},"49":{"start":{"line":117,"column":56},"end":{"line":117,"column":64}},"50":{"start":{"line":119,"column":4},"end":{"line":124,"column":5}},"51":{"start":{"line":120,"column":6},"end":{"line":123,"column":9}},"52":{"start":{"line":127,"column":4},"end":{"line":127,"column":57}},"53":{"start":{"line":130,"column":28},"end":{"line":136,"column":6}},"54":{"start":{"line":139,"column":4},"end":{"line":145,"column":5}},"55":{"start":{"line":140,"column":6},"end":{"line":144,"column":9}},"56":{"start":{"line":147,"column":4},"end":{"line":151,"column":7}},"57":{"start":{"line":153,"column":4},"end":{"line":153,"column":54}},"58":{"start":{"line":154,"column":4},"end":{"line":157,"column":7}},"59":{"start":{"line":164,"column":20},"end":{"line":186,"column":1}},"60":{"start":{"line":165,"column":2},"end":{"line":185,"column":3}},"61":{"start":{"line":166,"column":25},"end":{"line":166,"column":35}},"62":{"start":{"line":168,"column":4},"end":{"line":168,"column":51}},"63":{"start":{"line":171,"column":4},"end":{"line":173,"column":5}},"64":{"start":{"line":172,"column":6},"end":{"line":172,"column":54}},"65":{"start":{"line":175,"column":4},"end":{"line":178,"column":7}},"66":{"start":{"line":180,"column":4},"end":{"line":180,"column":52}},"67":{"start":{"line":181,"column":4},"end":{"line":184,"column":7}},"68":{"start":{"line":191,"column":28},"end":{"line":213,"column":1}},"69":{"start":{"line":192,"column":2},"end":{"line":212,"column":3}},"70":{"start":{"line":193,"column":27},"end":{"line":193,"column":70}},"71":{"start":{"line":195,"column":18},"end":{"line":200,"column":5}},"72":{"start":{"line":197,"column":57},"end":{"line":197,"column":78}},"73":{"start":{"line":198,"column":61},"end":{"line":198,"column":87}},"74":{"start":{"line":202,"column":4},"end":{"line":205,"column":7}},"75":{"start":{"line":207,"column":4},"end":{"line":207,"column":60}},"76":{"start":{"line":208,"column":4},"end":{"line":211,"column":7}},"77":{"start":{"line":218,"column":18},"end":{"line":252,"column":1}},"78":{"start":{"line":219,"column":2},"end":{"line":251,"column":3}},"79":{"start":{"line":220,"column":22},"end":{"line":220,"column":32}},"80":{"start":{"line":222,"column":4},"end":{"line":227,"column":5}},"81":{"start":{"line":223,"column":6},"end":{"line":226,"column":9}},"82":{"start":{"line":230,"column":4},"end":{"line":230,"column":56}},"83":{"start":{"line":233,"column":4},"end":{"line":238,"column":5}},"84":{"start":{"line":234,"column":6},"end":{"line":237,"column":9}},"85":{"start":{"line":240,"column":4},"end":{"line":244,"column":7}},"86":{"start":{"line":246,"column":4},"end":{"line":246,"column":50}},"87":{"start":{"line":247,"column":4},"end":{"line":250,"column":7}},"88":{"start":{"line":257,"column":19},"end":{"line":306,"column":1}},"89":{"start":{"line":258,"column":2},"end":{"line":305,"column":3}},"90":{"start":{"line":259,"column":22},"end":{"line":259,"column":32}},"91":{"start":{"line":260,"column":34},"end":{"line":260,"column":42}},"92":{"start":{"line":262,"column":4},"end":{"line":267,"column":5}},"93":{"start":{"line":263,"column":6},"end":{"line":266,"column":9}},"94":{"start":{"line":270,"column":4},"end":{"line":270,"column":55}},"95":{"start":{"line":273,"column":4},"end":{"line":283,"column":5}},"96":{"start":{"line":274,"column":6},"end":{"line":274,"column":66}},"97":{"start":{"line":277,"column":6},"end":{"line":282,"column":9}},"98":{"start":{"line":286,"column":4},"end":{"line":291,"column":5}},"99":{"start":{"line":287,"column":6},"end":{"line":290,"column":9}},"100":{"start":{"line":293,"column":4},"end":{"line":298,"column":7}},"101":{"start":{"line":300,"column":4},"end":{"line":300,"column":51}},"102":{"start":{"line":301,"column":4},"end":{"line":304,"column":7}},"103":{"start":{"line":308,"column":0},"end":{"line":318,"column":2}}},"fnMap":{"0":{"name":"(anonymous_0)","decl":{"start":{"line":12,"column":20},"end":{"line":12,"column":21}},"loc":{"start":{"line":12,"column":40},"end":{"line":28,"column":1}},"line":12},"1":{"name":"(anonymous_1)","decl":{"start":{"line":33,"column":23},"end":{"line":33,"column":24}},"loc":{"start":{"line":33,"column":43},"end":{"line":53,"column":1}},"line":33},"2":{"name":"(anonymous_2)","decl":{"start":{"line":58,"column":24},"end":{"line":58,"column":25}},"loc":{"start":{"line":58,"column":44},"end":{"line":81,"column":1}},"line":58},"3":{"name":"(anonymous_3)","decl":{"start":{"line":86,"column":21},"end":{"line":86,"column":22}},"loc":{"start":{"line":86,"column":41},"end":{"line":110,"column":1}},"line":86},"4":{"name":"(anonymous_4)","decl":{"start":{"line":115,"column":22},"end":{"line":115,"column":23}},"loc":{"start":{"line":115,"column":42},"end":{"line":159,"column":1}},"line":115},"5":{"name":"(anonymous_5)","decl":{"start":{"line":164,"column":20},"end":{"line":164,"column":21}},"loc":{"start":{"line":164,"column":40},"end":{"line":186,"column":1}},"line":164},"6":{"name":"(anonymous_6)","decl":{"start":{"line":191,"column":28},"end":{"line":191,"column":29}},"loc":{"start":{"line":191,"column":48},"end":{"line":213,"column":1}},"line":191},"7":{"name":"(anonymous_7)","decl":{"start":{"line":197,"column":52},"end":{"line":197,"column":53}},"loc":{"start":{"line":197,"column":57},"end":{"line":197,"column":78}},"line":197},"8":{"name":"(anonymous_8)","decl":{"start":{"line":198,"column":49},"end":{"line":198,"column":50}},"loc":{"start":{"line":198,"column":61},"end":{"line":198,"column":87}},"line":198},"9":{"name":"(anonymous_9)","decl":{"start":{"line":218,"column":18},"end":{"line":218,"column":19}},"loc":{"start":{"line":218,"column":38},"end":{"line":252,"column":1}},"line":218},"10":{"name":"(anonymous_10)","decl":{"start":{"line":257,"column":19},"end":{"line":257,"column":20}},"loc":{"start":{"line":257,"column":39},"end":{"line":306,"column":1}},"line":257}},"branchMap":{"0":{"loc":{"start":{"line":36,"column":4},"end":{"line":38,"column":5}},"type":"if","locations":[{"start":{"line":36,"column":4},"end":{"line":38,"column":5}},{"start":{},"end":{}}],"line":36},"1":{"loc":{"start":{"line":41,"column":4},"end":{"line":43,"column":5}},"type":"if","locations":[{"start":{"line":41,"column":4},"end":{"line":43,"column":5}},{"start":{},"end":{}}],"line":41},"2":{"loc":{"start":{"line":46,"column":34},"end":{"line":46,"column":93}},"type":"binary-expr","locations":[{"start":{"line":46,"column":34},"end":{"line":46,"column":48}},{"start":{"line":46,"column":52},"end":{"line":46,"column":63}},{"start":{"line":46,"column":67},"end":{"line":46,"column":93}}],"line":46},"3":{"loc":{"start":{"line":61,"column":18},"end":{"line":61,"column":67}},"type":"cond-expr","locations":[{"start":{"line":61,"column":36},"end":{"line":61,"column":61}},{"start":{"line":61,"column":64},"end":{"line":61,"column":67}}],"line":61},"4":{"loc":{"start":{"line":62,"column":19},"end":{"line":62,"column":68}},"type":"cond-expr","locations":[{"start":{"line":62,"column":38},"end":{"line":62,"column":64}},{"start":{"line":62,"column":67},"end":{"line":62,"column":68}}],"line":62},"5":{"loc":{"start":{"line":88,"column":4},"end":{"line":90,"column":5}},"type":"if","locations":[{"start":{"line":88,"column":4},"end":{"line":90,"column":5}},{"start":{},"end":{}}],"line":88},"6":{"loc":{"start":{"line":117,"column":31},"end":{"line":117,"column":51}},"type":"default-arg","locations":[{"start":{"line":117,"column":42},"end":{"line":117,"column":51}}],"line":117},"7":{"loc":{"start":{"line":119,"column":4},"end":{"line":124,"column":5}},"type":"if","locations":[{"start":{"line":119,"column":4},"end":{"line":124,"column":5}},{"start":{},"end":{}}],"line":119},"8":{"loc":{"start":{"line":119,"column":8},"end":{"line":119,"column":29}},"type":"binary-expr","locations":[{"start":{"line":119,"column":8},"end":{"line":119,"column":17}},{"start":{"line":119,"column":21},"end":{"line":119,"column":29}}],"line":119},"9":{"loc":{"start":{"line":139,"column":4},"end":{"line":145,"column":5}},"type":"if","locations":[{"start":{"line":139,"column":4},"end":{"line":145,"column":5}},{"start":{},"end":{}}],"line":139},"10":{"loc":{"start":{"line":171,"column":4},"end":{"line":173,"column":5}},"type":"if","locations":[{"start":{"line":171,"column":4},"end":{"line":173,"column":5}},{"start":{},"end":{}}],"line":171},"11":{"loc":{"start":{"line":222,"column":4},"end":{"line":227,"column":5}},"type":"if","locations":[{"start":{"line":222,"column":4},"end":{"line":227,"column":5}},{"start":{},"end":{}}],"line":222},"12":{"loc":{"start":{"line":233,"column":4},"end":{"line":238,"column":5}},"type":"if","locations":[{"start":{"line":233,"column":4},"end":{"line":238,"column":5}},{"start":{},"end":{}}],"line":233},"13":{"loc":{"start":{"line":262,"column":4},"end":{"line":267,"column":5}},"type":"if","locations":[{"start":{"line":262,"column":4},"end":{"line":267,"column":5}},{"start":{},"end":{}}],"line":262},"14":{"loc":{"start":{"line":273,"column":4},"end":{"line":283,"column":5}},"type":"if","locations":[{"start":{"line":273,"column":4},"end":{"line":283,"column":5}},{"start":{},"end":{}}],"line":273},"15":{"loc":{"start":{"line":286,"column":4},"end":{"line":291,"column":5}},"type":"if","locations":[{"start":{"line":286,"column":4},"end":{"line":291,"column":5}},{"start":{},"end":{}}],"line":286},"16":{"loc":{"start":{"line":297,"column":23},"end":{"line":297,"column":48}},"type":"binary-expr","locations":[{"start":{"line":297,"column":23},"end":{"line":297,"column":40}},{"start":{"line":297,"column":44},"end":{"line":297,"column":48}}],"line":297}},"s":{"0":0,"1":0,"2":0,"3":0,"4":0,"5":0,"6":0,"7":0,"8":0,"9":0,"10":0,"11":0,"12":0,"13":0,"14":0,"15":0,"16":0,"17":0,"18":0,"19":0,"20":0,"21":0,"22":0,"23":0,"24":0,"25":0,"26":0,"27":0,"28":0,"29":0,"30":0,"31":0,"32":0,"33":0,"34":0,"35":0,"36":0,"37":0,"38":0,"39":0,"40":0,"41":0,"42":0,"43":0,"44":0,"45":0,"46":0,"47":0,"48":0,"49":0,"50":0,"51":0,"52":0,"53":0,"54":0,"55":0,"56":0,"57":0,"58":0,"59":0,"60":0,"61":0,"62":0,"63":0,"64":0,"65":0,"66":0,"67":0,"68":0,"69":0,"70":0,"71":0,"72":0,"73":0,"74":0,"75":0,"76":0,"77":0,"78":0,"79":0,"80":0,"81":0,"82":0,"83":0,"84":0,"85":0,"86":0,"87":0,"88":0,"89":0,"90":0,"91":0,"92":0,"93":0,"94":0,"95":0,"96":0,"97":0,"98":0,"99":0,"100":0,"101":0,"102":0,"103":0},"f":{"0":0,"1":0,"2":0,"3":0,"4":0,"5":0,"6":0,"7":0,"8":0,"9":0,"10":0},"b":{"0":[0,0],"1":[0,0],"2":[0,0,0],"3":[0,0],"4":[0,0],"5":[0,0],"6":[0],"7":[0,0],"8":[0,0],"9":[0,0],"10":[0,0],"11":[0,0],"12":[0,0],"13":[0,0],"14":[0,0],"15":[0,0],"16":[0,0]}}
,"C:\\Users\\lauti\\bot-irrigacion\\src\\controllers\\authController.js": {"path":"C:\\Users\\lauti\\bot-irrigacion\\src\\controllers\\authController.js","statementMap":{"0":{"start":{"line":1,"column":15},"end":{"line":1,"column":32}},"1":{"start":{"line":2,"column":12},"end":{"line":2,"column":35}},"2":{"start":{"line":3,"column":20},"end":{"line":3,"column":43}},"3":{"start":{"line":5,"column":19},"end":{"line":5,"column":62}},"4":{"start":{"line":6,"column":21},"end":{"line":6,"column":25}},"5":{"start":{"line":11,"column":14},"end":{"line":73,"column":1}},"6":{"start":{"line":12,"column":2},"end":{"line":72,"column":3}},"7":{"start":{"line":13,"column":35},"end":{"line":13,"column":43}},"8":{"start":{"line":15,"column":4},"end":{"line":20,"column":5}},"9":{"start":{"line":16,"column":6},"end":{"line":19,"column":9}},"10":{"start":{"line":22,"column":17},"end":{"line":22,"column":26}},"11":{"start":{"line":23,"column":19},"end":{"line":26,"column":5}},"12":{"start":{"line":28,"column":4},"end":{"line":33,"column":5}},"13":{"start":{"line":29,"column":6},"end":{"line":32,"column":9}},"14":{"start":{"line":35,"column":21},"end":{"line":35,"column":28}},"15":{"start":{"line":36,"column":26},"end":{"line":36,"column":80}},"16":{"start":{"line":38,"column":4},"end":{"line":43,"column":5}},"17":{"start":{"line":39,"column":6},"end":{"line":42,"column":9}},"18":{"start":{"line":46,"column":18},"end":{"line":55,"column":5}},"19":{"start":{"line":57,"column":4},"end":{"line":65,"column":7}},"20":{"start":{"line":67,"column":4},"end":{"line":67,"column":46}},"21":{"start":{"line":68,"column":4},"end":{"line":71,"column":7}},"22":{"start":{"line":75,"column":0},"end":{"line":77,"column":2}}},"fnMap":{"0":{"name":"(anonymous_0)","decl":{"start":{"line":11,"column":14},"end":{"line":11,"column":15}},"loc":{"start":{"line":11,"column":34},"end":{"line":73,"column":1}},"line":11}},"branchMap":{"0":{"loc":{"start":{"line":5,"column":19},"end":{"line":5,"column":62}},"type":"binary-expr","locations":[{"start":{"line":5,"column":19},"end":{"line":5,"column":41}},{"start":{"line":5,"column":45},"end":{"line":5,"column":62}}],"line":5},"1":{"loc":{"start":{"line":15,"column":4},"end":{"line":20,"column":5}},"type":"if","locations":[{"start":{"line":15,"column":4},"end":{"line":20,"column":5}},{"start":{},"end":{}}],"line":15},"2":{"loc":{"start":{"line":15,"column":8},"end":{"line":15,"column":30}},"type":"binary-expr","locations":[{"start":{"line":15,"column":8},"end":{"line":15,"column":17}},{"start":{"line":15,"column":21},"end":{"line":15,"column":30}}],"line":15},"3":{"loc":{"start":{"line":28,"column":4},"end":{"line":33,"column":5}},"type":"if","locations":[{"start":{"line":28,"column":4},"end":{"line":33,"column":5}},{"start":{},"end":{}}],"line":28},"4":{"loc":{"start":{"line":38,"column":4},"end":{"line":43,"column":5}},"type":"if","locations":[{"start":{"line":38,"column":4},"end":{"line":43,"column":5}},{"start":{},"end":{}}],"line":38}},"s":{"0":0,"1":0,"2":0,"3":0,"4":0,"5":0,"6":0,"7":0,"8":0,"9":0,"10":0,"11":0,"12":0,"13":0,"14":0,"15":0,"16":0,"17":0,"18":0,"19":0,"20":0,"21":0,"22":0},"f":{"0":0},"b":{"0":[0,0],"1":[0,0],"2":[0,0],"3":[0,0],"4":[0,0]}}
,"C:\\Users\\lauti\\bot-irrigacion\\src\\controllers\\chatController.js": {"path":"C:\\Users\\lauti\\bot-irrigacion\\src\\controllers\\chatController.js","statementMap":{"0":{"start":{"line":1,"column":24},"end":{"line":1,"column":62}},"1":{"start":{"line":2,"column":23},"end":{"line":2,"column":60}},"2":{"start":{"line":3,"column":20},"end":{"line":3,"column":43}},"3":{"start":{"line":9,"column":24},"end":{"line":62,"column":1}},"4":{"start":{"line":10,"column":2},"end":{"line":61,"column":3}},"5":{"start":{"line":11,"column":22},"end":{"line":11,"column":32}},"6":{"start":{"line":12,"column":17},"end":{"line":12,"column":26}},"7":{"start":{"line":15,"column":19},"end":{"line":22,"column":5}},"8":{"start":{"line":24,"column":4},"end":{"line":32,"column":5}},"9":{"start":{"line":25,"column":6},"end":{"line":31,"column":9}},"10":{"start":{"line":34,"column":32},"end":{"line":34,"column":55}},"11":{"start":{"line":35,"column":16},"end":{"line":35,"column":26}},"12":{"start":{"line":36,"column":19},"end":{"line":36,"column":64}},"13":{"start":{"line":37,"column":22},"end":{"line":37,"column":47}},"14":{"start":{"line":38,"column":24},"end":{"line":38,"column":26}},"15":{"start":{"line":39,"column":21},"end":{"line":39,"column":44}},"16":{"start":{"line":40,"column":27},"end":{"line":40,"column":78}},"17":{"start":{"line":42,"column":4},"end":{"line":54,"column":7}},"18":{"start":{"line":56,"column":4},"end":{"line":56,"column":66}},"19":{"start":{"line":57,"column":4},"end":{"line":60,"column":7}},"20":{"start":{"line":69,"column":19},"end":{"line":109,"column":1}},"21":{"start":{"line":70,"column":2},"end":{"line":108,"column":3}},"22":{"start":{"line":71,"column":22},"end":{"line":71,"column":32}},"23":{"start":{"line":76,"column":8},"end":{"line":76,"column":22}},"24":{"start":{"line":79,"column":23},"end":{"line":84,"column":5}},"25":{"start":{"line":87,"column":4},"end":{"line":93,"column":7}},"26":{"start":{"line":95,"column":4},"end":{"line":99,"column":7}},"27":{"start":{"line":101,"column":4},"end":{"line":101,"column":94}},"28":{"start":{"line":102,"column":4},"end":{"line":102,"column":41}},"29":{"start":{"line":103,"column":4},"end":{"line":107,"column":7}},"30":{"start":{"line":111,"column":0},"end":{"line":111,"column":49}}},"fnMap":{"0":{"name":"(anonymous_0)","decl":{"start":{"line":9,"column":24},"end":{"line":9,"column":25}},"loc":{"start":{"line":9,"column":44},"end":{"line":62,"column":1}},"line":9},"1":{"name":"(anonymous_1)","decl":{"start":{"line":69,"column":19},"end":{"line":69,"column":20}},"loc":{"start":{"line":69,"column":39},"end":{"line":109,"column":1}},"line":69}},"branchMap":{"0":{"loc":{"start":{"line":24,"column":4},"end":{"line":32,"column":5}},"type":"if","locations":[{"start":{"line":24,"column":4},"end":{"line":32,"column":5}},{"start":{},"end":{}}],"line":24},"1":{"loc":{"start":{"line":40,"column":27},"end":{"line":40,"column":78}},"type":"cond-expr","locations":[{"start":{"line":40,"column":38},"end":{"line":40,"column":74}},{"start":{"line":40,"column":77},"end":{"line":40,"column":78}}],"line":40},"2":{"loc":{"start":{"line":51,"column":15},"end":{"line":53,"column":85}},"type":"cond-expr","locations":[{"start":{"line":52,"column":10},"end":{"line":52,"column":77}},{"start":{"line":53,"column":10},"end":{"line":53,"column":85}}],"line":51},"3":{"loc":{"start":{"line":73,"column":6},"end":{"line":73,"column":34}},"type":"default-arg","locations":[{"start":{"line":73,"column":21},"end":{"line":73,"column":34}}],"line":73},"4":{"loc":{"start":{"line":74,"column":6},"end":{"line":74,"column":68}},"type":"default-arg","locations":[{"start":{"line":74,"column":21},"end":{"line":74,"column":68}}],"line":74},"5":{"loc":{"start":{"line":74,"column":21},"end":{"line":74,"column":68}},"type":"cond-expr","locations":[{"start":{"line":74,"column":54},"end":{"line":74,"column":61}},{"start":{"line":74,"column":64},"end":{"line":74,"column":68}}],"line":74},"6":{"loc":{"start":{"line":76,"column":8},"end":{"line":76,"column":22}},"type":"binary-expr","locations":[{"start":{"line":76,"column":8},"end":{"line":76,"column":16}},{"start":{"line":76,"column":20},"end":{"line":76,"column":22}}],"line":76},"7":{"loc":{"start":{"line":101,"column":55},"end":{"line":101,"column":92}},"type":"binary-expr","locations":[{"start":{"line":101,"column":55},"end":{"line":101,"column":75}},{"start":{"line":101,"column":79},"end":{"line":101,"column":92}}],"line":101},"8":{"loc":{"start":{"line":106,"column":15},"end":{"line":106,"column":52}},"type":"binary-expr","locations":[{"start":{"line":106,"column":15},"end":{"line":106,"column":35}},{"start":{"line":106,"column":39},"end":{"line":106,"column":52}}],"line":106}},"s":{"0":0,"1":0,"2":0,"3":0,"4":0,"5":0,"6":0,"7":0,"8":0,"9":0,"10":0,"11":0,"12":0,"13":0,"14":0,"15":0,"16":0,"17":0,"18":0,"19":0,"20":0,"21":0,"22":0,"23":0,"24":0,"25":0,"26":0,"27":0,"28":0,"29":0,"30":0},"f":{"0":0,"1":0},"b":{"0":[0,0],"1":[0,0],"2":[0,0],"3":[0],"4":[0],"5":[0,0],"6":[0,0],"7":[0,0],"8":[0,0]}}
,"C:\\Users\\lauti\\bot-irrigacion\\src\\controllers\\webhookController.js": {"path":"C:\\Users\\lauti\\bot-irrigacion\\src\\controllers\\webhookController.js","statementMap":{"0":{"start":{"line":1,"column":24},"end":{"line":1,"column":62}},"1":{"start":{"line":2,"column":27},"end":{"line":2,"column":68}},"2":{"start":{"line":3,"column":23},"end":{"line":3,"column":60}},"3":{"start":{"line":4,"column":23},"end":{"line":4,"column":60}},"4":{"start":{"line":7,"column":19},"end":{"line":7,"column":21}},"5":{"start":{"line":10,"column":28},"end":{"line":10,"column":37}},"6":{"start":{"line":16,"column":22},"end":{"line":31,"column":1}},"7":{"start":{"line":17,"column":15},"end":{"line":17,"column":36}},"8":{"start":{"line":18,"column":16},"end":{"line":18,"column":45}},"9":{"start":{"line":19,"column":20},"end":{"line":19,"column":46}},"10":{"start":{"line":21,"column":2},"end":{"line":21,"column":55}},"11":{"start":{"line":24,"column":2},"end":{"line":30,"column":3}},"12":{"start":{"line":25,"column":4},"end":{"line":25,"column":54}},"13":{"start":{"line":26,"column":4},"end":{"line":26,"column":36}},"14":{"start":{"line":28,"column":4},"end":{"line":28,"column":61}},"15":{"start":{"line":29,"column":4},"end":{"line":29,"column":24}},"16":{"start":{"line":37,"column":23},"end":{"line":206,"column":1}},"17":{"start":{"line":38,"column":2},"end":{"line":205,"column":3}},"18":{"start":{"line":39,"column":17},"end":{"line":39,"column":25}},"19":{"start":{"line":41,"column":4},"end":{"line":41,"column":71}},"20":{"start":{"line":44,"column":4},"end":{"line":200,"column":5}},"21":{"start":{"line":45,"column":6},"end":{"line":193,"column":7}},"22":{"start":{"line":51,"column":24},"end":{"line":51,"column":66}},"23":{"start":{"line":52,"column":26},"end":{"line":52,"column":36}},"24":{"start":{"line":55,"column":8},"end":{"line":58,"column":9}},"25":{"start":{"line":56,"column":10},"end":{"line":56,"column":67}},"26":{"start":{"line":57,"column":10},"end":{"line":57,"column":37}},"27":{"start":{"line":61,"column":8},"end":{"line":61,"column":43}},"28":{"start":{"line":64,"column":8},"end":{"line":67,"column":26}},"29":{"start":{"line":65,"column":10},"end":{"line":65,"column":48}},"30":{"start":{"line":66,"column":10},"end":{"line":66,"column":74}},"31":{"start":{"line":69,"column":21},"end":{"line":69,"column":33}},"32":{"start":{"line":74,"column":28},"end":{"line":74,"column":78}},"33":{"start":{"line":75,"column":25},"end":{"line":75,"column":66}},"34":{"start":{"line":76,"column":27},"end":{"line":76,"column":125}},"35":{"start":{"line":78,"column":22},"end":{"line":78,"column":26}},"36":{"start":{"line":79,"column":29},"end":{"line":79,"column":34}},"37":{"start":{"line":80,"column":8},"end":{"line":91,"column":9}},"38":{"start":{"line":81,"column":10},"end":{"line":81,"column":90}},"39":{"start":{"line":83,"column":10},"end":{"line":88,"column":11}},"40":{"start":{"line":84,"column":38},"end":{"line":84,"column":84}},"41":{"start":{"line":85,"column":34},"end":{"line":85,"column":76}},"42":{"start":{"line":86,"column":31},"end":{"line":86,"column":64}},"43":{"start":{"line":87,"column":12},"end":{"line":87,"column":47}},"44":{"start":{"line":90,"column":10},"end":{"line":90,"column":71}},"45":{"start":{"line":94,"column":26},"end":{"line":94,"column":28}},"46":{"start":{"line":95,"column":26},"end":{"line":95,"column":48}},"47":{"start":{"line":96,"column":23},"end":{"line":96,"column":27}},"48":{"start":{"line":98,"column":8},"end":{"line":119,"column":9}},"49":{"start":{"line":99,"column":10},"end":{"line":99,"column":57}},"50":{"start":{"line":100,"column":15},"end":{"line":119,"column":9}},"51":{"start":{"line":102,"column":10},"end":{"line":106,"column":11}},"52":{"start":{"line":103,"column":12},"end":{"line":103,"column":60}},"53":{"start":{"line":104,"column":17},"end":{"line":106,"column":11}},"54":{"start":{"line":105,"column":12},"end":{"line":105,"column":62}},"55":{"start":{"line":107,"column":15},"end":{"line":119,"column":9}},"56":{"start":{"line":108,"column":10},"end":{"line":108,"column":61}},"57":{"start":{"line":109,"column":10},"end":{"line":109,"column":39}},"58":{"start":{"line":110,"column":10},"end":{"line":110,"column":32}},"59":{"start":{"line":111,"column":15},"end":{"line":119,"column":9}},"60":{"start":{"line":112,"column":10},"end":{"line":112,"column":34}},"61":{"start":{"line":113,"column":10},"end":{"line":113,"column":39}},"62":{"start":{"line":114,"column":10},"end":{"line":114,"column":32}},"63":{"start":{"line":115,"column":15},"end":{"line":119,"column":9}},"64":{"start":{"line":116,"column":10},"end":{"line":116,"column":68}},"65":{"start":{"line":117,"column":10},"end":{"line":117,"column":42}},"66":{"start":{"line":118,"column":10},"end":{"line":118,"column":35}},"67":{"start":{"line":121,"column":8},"end":{"line":121,"column":84}},"68":{"start":{"line":124,"column":32},"end":{"line":145,"column":9}},"69":{"start":{"line":125,"column":10},"end":{"line":144,"column":11}},"70":{"start":{"line":126,"column":28},"end":{"line":126,"column":36}},"71":{"start":{"line":127,"column":12},"end":{"line":133,"column":13}},"72":{"start":{"line":128,"column":14},"end":{"line":132,"column":15}},"73":{"start":{"line":129,"column":16},"end":{"line":129,"column":74}},"74":{"start":{"line":131,"column":16},"end":{"line":131,"column":82}},"75":{"start":{"line":135,"column":12},"end":{"line":141,"column":15}},"76":{"start":{"line":143,"column":12},"end":{"line":143,"column":76}},"77":{"start":{"line":148,"column":8},"end":{"line":156,"column":9}},"78":{"start":{"line":149,"column":10},"end":{"line":155,"column":13}},"79":{"start":{"line":159,"column":8},"end":{"line":161,"column":11}},"80":{"start":{"line":160,"column":10},"end":{"line":160,"column":73}},"81":{"start":{"line":166,"column":26},"end":{"line":166,"column":64}},"82":{"start":{"line":168,"column":8},"end":{"line":182,"column":9}},"83":{"start":{"line":169,"column":10},"end":{"line":169,"column":97}},"84":{"start":{"line":172,"column":10},"end":{"line":178,"column":11}},"85":{"start":{"line":173,"column":12},"end":{"line":177,"column":15}},"86":{"start":{"line":181,"column":10},"end":{"line":181,"column":37}},"87":{"start":{"line":185,"column":8},"end":{"line":187,"column":9}},"88":{"start":{"line":186,"column":10},"end":{"line":186,"column":130}},"89":{"start":{"line":190,"column":8},"end":{"line":190,"column":51}},"90":{"start":{"line":196,"column":6},"end":{"line":196,"column":26}},"91":{"start":{"line":198,"column":6},"end":{"line":198,"column":45}},"92":{"start":{"line":199,"column":6},"end":{"line":199,"column":26}},"93":{"start":{"line":202,"column":4},"end":{"line":202,"column":56}},"94":{"start":{"line":204,"column":4},"end":{"line":204,"column":24}},"95":{"start":{"line":211,"column":26},"end":{"line":260,"column":1}},"96":{"start":{"line":212,"column":23},"end":{"line":212,"column":44}},"97":{"start":{"line":214,"column":2},"end":{"line":214,"column":62}},"98":{"start":{"line":221,"column":2},"end":{"line":224,"column":3}},"99":{"start":{"line":222,"column":4},"end":{"line":222,"column":38}},"100":{"start":{"line":223,"column":4},"end":{"line":223,"column":11}},"101":{"start":{"line":227,"column":2},"end":{"line":233,"column":3}},"102":{"start":{"line":228,"column":25},"end":{"line":228,"column":115}},"103":{"start":{"line":229,"column":4},"end":{"line":229,"column":49}},"104":{"start":{"line":230,"column":4},"end":{"line":230,"column":43}},"105":{"start":{"line":231,"column":4},"end":{"line":231,"column":59}},"106":{"start":{"line":232,"column":4},"end":{"line":232,"column":11}},"107":{"start":{"line":235,"column":2},"end":{"line":259,"column":3}},"108":{"start":{"line":239,"column":6},"end":{"line":239,"column":102}},"109":{"start":{"line":240,"column":6},"end":{"line":240,"column":31}},"110":{"start":{"line":241,"column":6},"end":{"line":241,"column":42}},"111":{"start":{"line":242,"column":6},"end":{"line":242,"column":12}},"112":{"start":{"line":245,"column":6},"end":{"line":245,"column":46}},"113":{"start":{"line":246,"column":6},"end":{"line":246,"column":12}},"114":{"start":{"line":249,"column":6},"end":{"line":249,"column":46}},"115":{"start":{"line":250,"column":6},"end":{"line":250,"column":12}},"116":{"start":{"line":253,"column":6},"end":{"line":253,"column":49}},"117":{"start":{"line":254,"column":6},"end":{"line":254,"column":12}},"118":{"start":{"line":257,"column":6},"end":{"line":257,"column":46}},"119":{"start":{"line":258,"column":6},"end":{"line":258,"column":12}},"120":{"start":{"line":268,"column":27},"end":{"line":286,"column":1}},"121":{"start":{"line":269,"column":23},"end":{"line":269,"column":25}},"122":{"start":{"line":271,"column":2},"end":{"line":282,"column":3}},"123":{"start":{"line":273,"column":4},"end":{"line":277,"column":108}},"124":{"start":{"line":280,"column":19},"end":{"line":280,"column":72}},"125":{"start":{"line":281,"column":4},"end":{"line":281,"column":73}},"126":{"start":{"line":284,"column":2},"end":{"line":284,"column":49}},"127":{"start":{"line":285,"column":2},"end":{"line":285,"column":60}},"128":{"start":{"line":291,"column":21},"end":{"line":344,"column":1}},"129":{"start":{"line":292,"column":19},"end":{"line":305,"column":3}},"130":{"start":{"line":307,"column":2},"end":{"line":313,"column":4}},"131":{"start":{"line":316,"column":19},"end":{"line":322,"column":3}},"132":{"start":{"line":325,"column":2},"end":{"line":331,"column":5}},"133":{"start":{"line":333,"column":2},"end":{"line":341,"column":3}},"134":{"start":{"line":334,"column":4},"end":{"line":340,"column":7}},"135":{"start":{"line":343,"column":2},"end":{"line":343,"column":52}},"136":{"start":{"line":349,"column":23},"end":{"line":460,"column":1}},"137":{"start":{"line":350,"column":2},"end":{"line":459,"column":3}},"138":{"start":{"line":354,"column":27},"end":{"line":362,"column":59}},"139":{"start":{"line":364,"column":6},"end":{"line":364,"column":51}},"140":{"start":{"line":366,"column":6},"end":{"line":366,"column":31}},"141":{"start":{"line":367,"column":6},"end":{"line":367,"column":60}},"142":{"start":{"line":368,"column":6},"end":{"line":368,"column":12}},"143":{"start":{"line":373,"column":23},"end":{"line":381,"column":40}},"144":{"start":{"line":383,"column":6},"end":{"line":383,"column":47}},"145":{"start":{"line":385,"column":6},"end":{"line":385,"column":31}},"146":{"start":{"line":386,"column":6},"end":{"line":386,"column":66}},"147":{"start":{"line":387,"column":6},"end":{"line":387,"column":12}},"148":{"start":{"line":393,"column":6},"end":{"line":393,"column":39}},"149":{"start":{"line":394,"column":6},"end":{"line":394,"column":12}},"150":{"start":{"line":397,"column":23},"end":{"line":404,"column":54}},"151":{"start":{"line":405,"column":6},"end":{"line":405,"column":47}},"152":{"start":{"line":406,"column":6},"end":{"line":406,"column":31}},"153":{"start":{"line":407,"column":6},"end":{"line":407,"column":65}},"154":{"start":{"line":408,"column":6},"end":{"line":408,"column":12}},"155":{"start":{"line":412,"column":27},"end":{"line":420,"column":32}},"156":{"start":{"line":421,"column":6},"end":{"line":421,"column":51}},"157":{"start":{"line":422,"column":6},"end":{"line":422,"column":31}},"158":{"start":{"line":423,"column":6},"end":{"line":423,"column":59}},"159":{"start":{"line":424,"column":6},"end":{"line":424,"column":12}},"160":{"start":{"line":428,"column":25},"end":{"line":431,"column":29}},"161":{"start":{"line":432,"column":6},"end":{"line":432,"column":49}},"162":{"start":{"line":433,"column":6},"end":{"line":433,"column":31}},"163":{"start":{"line":434,"column":6},"end":{"line":434,"column":58}},"164":{"start":{"line":435,"column":6},"end":{"line":435,"column":12}},"165":{"start":{"line":441,"column":27},"end":{"line":443,"column":41}},"166":{"start":{"line":444,"column":6},"end":{"line":444,"column":51}},"167":{"start":{"line":445,"column":6},"end":{"line":445,"column":57}},"168":{"start":{"line":446,"column":6},"end":{"line":448,"column":7}},"169":{"start":{"line":447,"column":8},"end":{"line":447,"column":82}},"170":{"start":{"line":449,"column":6},"end":{"line":449,"column":71}},"171":{"start":{"line":450,"column":6},"end":{"line":450,"column":12}},"172":{"start":{"line":455,"column":6},"end":{"line":455,"column":97}},"173":{"start":{"line":456,"column":6},"end":{"line":456,"column":31}},"174":{"start":{"line":457,"column":6},"end":{"line":457,"column":68}},"175":{"start":{"line":458,"column":6},"end":{"line":458,"column":12}},"176":{"start":{"line":465,"column":26},"end":{"line":545,"column":1}},"177":{"start":{"line":467,"column":16},"end":{"line":467,"column":40}},"178":{"start":{"line":468,"column":17},"end":{"line":468,"column":40}},"179":{"start":{"line":471,"column":2},"end":{"line":479,"column":3}},"180":{"start":{"line":472,"column":4},"end":{"line":475,"column":6}},"181":{"start":{"line":476,"column":4},"end":{"line":476,"column":74}},"182":{"start":{"line":478,"column":4},"end":{"line":478,"column":11}},"183":{"start":{"line":482,"column":2},"end":{"line":544,"column":3}},"184":{"start":{"line":483,"column":24},"end":{"line":483,"column":71}},"185":{"start":{"line":485,"column":4},"end":{"line":494,"column":5}},"186":{"start":{"line":487,"column":6},"end":{"line":490,"column":8}},"187":{"start":{"line":491,"column":6},"end":{"line":491,"column":67}},"188":{"start":{"line":493,"column":6},"end":{"line":493,"column":13}},"189":{"start":{"line":497,"column":4},"end":{"line":497,"column":37}},"190":{"start":{"line":498,"column":4},"end":{"line":498,"column":40}},"191":{"start":{"line":500,"column":20},"end":{"line":513,"column":5}},"192":{"start":{"line":515,"column":21},"end":{"line":519,"column":23}},"193":{"start":{"line":521,"column":4},"end":{"line":521,"column":74}},"194":{"start":{"line":524,"column":4},"end":{"line":534,"column":12}},"195":{"start":{"line":525,"column":26},"end":{"line":528,"column":7}},"196":{"start":{"line":529,"column":6},"end":{"line":533,"column":8}},"197":{"start":{"line":536,"column":4},"end":{"line":536,"column":40}},"198":{"start":{"line":537,"column":4},"end":{"line":537,"column":70}},"199":{"start":{"line":539,"column":4},"end":{"line":539,"column":63}},"200":{"start":{"line":540,"column":4},"end":{"line":543,"column":6}},"201":{"start":{"line":550,"column":23},"end":{"line":639,"column":1}},"202":{"start":{"line":551,"column":17},"end":{"line":551,"column":40}},"203":{"start":{"line":552,"column":22},"end":{"line":552,"column":43}},"204":{"start":{"line":554,"column":2},"end":{"line":638,"column":3}},"205":{"start":{"line":557,"column":24},"end":{"line":564,"column":128}},"206":{"start":{"line":566,"column":6},"end":{"line":566,"column":57}},"207":{"start":{"line":567,"column":6},"end":{"line":567,"column":60}},"208":{"start":{"line":568,"column":6},"end":{"line":568,"column":12}},"209":{"start":{"line":572,"column":25},"end":{"line":583,"column":111}},"210":{"start":{"line":585,"column":6},"end":{"line":585,"column":58}},"211":{"start":{"line":586,"column":6},"end":{"line":586,"column":58}},"212":{"start":{"line":587,"column":6},"end":{"line":587,"column":12}},"213":{"start":{"line":591,"column":24},"end":{"line":602,"column":53}},"214":{"start":{"line":604,"column":6},"end":{"line":604,"column":57}},"215":{"start":{"line":605,"column":6},"end":{"line":605,"column":53}},"216":{"start":{"line":606,"column":6},"end":{"line":606,"column":12}},"217":{"start":{"line":609,"column":26},"end":{"line":613,"column":40}},"218":{"start":{"line":615,"column":6},"end":{"line":615,"column":59}},"219":{"start":{"line":616,"column":6},"end":{"line":616,"column":62}},"220":{"start":{"line":617,"column":6},"end":{"line":617,"column":12}},"221":{"start":{"line":621,"column":26},"end":{"line":625,"column":15}},"222":{"start":{"line":627,"column":6},"end":{"line":627,"column":50}},"223":{"start":{"line":628,"column":6},"end":{"line":628,"column":57}},"224":{"start":{"line":629,"column":6},"end":{"line":629,"column":58}},"225":{"start":{"line":630,"column":6},"end":{"line":630,"column":12}},"226":{"start":{"line":634,"column":6},"end":{"line":634,"column":97}},"227":{"start":{"line":635,"column":6},"end":{"line":635,"column":44}},"228":{"start":{"line":636,"column":6},"end":{"line":636,"column":64}},"229":{"start":{"line":637,"column":6},"end":{"line":637,"column":12}},"230":{"start":{"line":644,"column":29},"end":{"line":676,"column":1}},"231":{"start":{"line":645,"column":2},"end":{"line":675,"column":3}},"232":{"start":{"line":647,"column":16},"end":{"line":647,"column":53}},"233":{"start":{"line":649,"column":4},"end":{"line":668,"column":5}},"234":{"start":{"line":651,"column":27},"end":{"line":651,"column":136}},"235":{"start":{"line":652,"column":6},"end":{"line":652,"column":51}},"236":{"start":{"line":655,"column":6},"end":{"line":655,"column":39}},"237":{"start":{"line":659,"column":25},"end":{"line":663,"column":68}},"238":{"start":{"line":665,"column":6},"end":{"line":665,"column":49}},"239":{"start":{"line":666,"column":6},"end":{"line":666,"column":45}},"240":{"start":{"line":667,"column":6},"end":{"line":667,"column":50}},"241":{"start":{"line":671,"column":4},"end":{"line":671,"column":61}},"242":{"start":{"line":672,"column":21},"end":{"line":672,"column":96}},"243":{"start":{"line":673,"column":4},"end":{"line":673,"column":45}},"244":{"start":{"line":674,"column":4},"end":{"line":674,"column":29}},"245":{"start":{"line":681,"column":23},"end":{"line":710,"column":1}},"246":{"start":{"line":682,"column":2},"end":{"line":709,"column":3}},"247":{"start":{"line":684,"column":16},"end":{"line":684,"column":46}},"248":{"start":{"line":686,"column":4},"end":{"line":690,"column":5}},"249":{"start":{"line":687,"column":23},"end":{"line":687,"column":117}},"250":{"start":{"line":688,"column":6},"end":{"line":688,"column":47}},"251":{"start":{"line":689,"column":6},"end":{"line":689,"column":13}},"252":{"start":{"line":693,"column":4},"end":{"line":693,"column":50}},"253":{"start":{"line":695,"column":23},"end":{"line":695,"column":105}},"254":{"start":{"line":696,"column":4},"end":{"line":696,"column":47}},"255":{"start":{"line":699,"column":4},"end":{"line":699,"column":37}},"256":{"start":{"line":702,"column":4},"end":{"line":702,"column":40}},"257":{"start":{"line":705,"column":4},"end":{"line":705,"column":55}},"258":{"start":{"line":706,"column":21},"end":{"line":706,"column":90}},"259":{"start":{"line":707,"column":4},"end":{"line":707,"column":45}},"260":{"start":{"line":708,"column":4},"end":{"line":708,"column":29}},"261":{"start":{"line":715,"column":30},"end":{"line":777,"column":1}},"262":{"start":{"line":716,"column":2},"end":{"line":776,"column":3}},"263":{"start":{"line":717,"column":15},"end":{"line":717,"column":28}},"264":{"start":{"line":720,"column":20},"end":{"line":720,"column":45}},"265":{"start":{"line":722,"column":4},"end":{"line":727,"column":5}},"266":{"start":{"line":723,"column":23},"end":{"line":723,"column":110}},"267":{"start":{"line":724,"column":6},"end":{"line":724,"column":47}},"268":{"start":{"line":725,"column":6},"end":{"line":725,"column":31}},"269":{"start":{"line":726,"column":6},"end":{"line":726,"column":13}},"270":{"start":{"line":730,"column":4},"end":{"line":739,"column":5}},"271":{"start":{"line":731,"column":25},"end":{"line":731,"column":113}},"272":{"start":{"line":732,"column":6},"end":{"line":732,"column":49}},"273":{"start":{"line":735,"column":6},"end":{"line":735,"column":38}},"274":{"start":{"line":737,"column":6},"end":{"line":737,"column":31}},"275":{"start":{"line":738,"column":6},"end":{"line":738,"column":13}},"276":{"start":{"line":742,"column":23},"end":{"line":742,"column":54}},"277":{"start":{"line":743,"column":4},"end":{"line":743,"column":47}},"278":{"start":{"line":746,"column":20},"end":{"line":746,"column":81}},"279":{"start":{"line":749,"column":21},"end":{"line":749,"column":55}},"280":{"start":{"line":750,"column":16},"end":{"line":750,"column":50}},"281":{"start":{"line":753,"column":4},"end":{"line":758,"column":6}},"282":{"start":{"line":760,"column":4},"end":{"line":760,"column":44}},"283":{"start":{"line":763,"column":4},"end":{"line":763,"column":27}},"284":{"start":{"line":764,"column":4},"end":{"line":764,"column":36}},"285":{"start":{"line":765,"column":4},"end":{"line":765,"column":49}},"286":{"start":{"line":767,"column":23},"end":{"line":767,"column":80}},"287":{"start":{"line":768,"column":4},"end":{"line":768,"column":47}},"288":{"start":{"line":769,"column":4},"end":{"line":769,"column":29}},"289":{"start":{"line":772,"column":4},"end":{"line":772,"column":54}},"290":{"start":{"line":773,"column":21},"end":{"line":773,"column":91}},"291":{"start":{"line":774,"column":4},"end":{"line":774,"column":45}},"292":{"start":{"line":775,"column":4},"end":{"line":775,"column":29}},"293":{"start":{"line":782,"column":24},"end":{"line":839,"column":1}},"294":{"start":{"line":783,"column":2},"end":{"line":838,"column":3}},"295":{"start":{"line":785,"column":22},"end":{"line":785,"column":71}},"296":{"start":{"line":787,"column":4},"end":{"line":793,"column":5}},"297":{"start":{"line":789,"column":23},"end":{"line":789,"column":148}},"298":{"start":{"line":790,"column":6},"end":{"line":790,"column":47}},"299":{"start":{"line":791,"column":6},"end":{"line":791,"column":31}},"300":{"start":{"line":792,"column":6},"end":{"line":792,"column":13}},"301":{"start":{"line":798,"column":58},"end":{"line":798,"column":72}},"302":{"start":{"line":800,"column":21},"end":{"line":807,"column":27}},"303":{"start":{"line":809,"column":4},"end":{"line":809,"column":45}},"304":{"start":{"line":812,"column":4},"end":{"line":815,"column":5}},"305":{"start":{"line":813,"column":6},"end":{"line":813,"column":51}},"306":{"start":{"line":814,"column":6},"end":{"line":814,"column":69}},"307":{"start":{"line":820,"column":20},"end":{"line":823,"column":5}},"308":{"start":{"line":825,"column":4},"end":{"line":829,"column":6}},"309":{"start":{"line":831,"column":4},"end":{"line":831,"column":63}},"310":{"start":{"line":834,"column":4},"end":{"line":834,"column":56}},"311":{"start":{"line":835,"column":21},"end":{"line":835,"column":93}},"312":{"start":{"line":836,"column":4},"end":{"line":836,"column":45}},"313":{"start":{"line":837,"column":4},"end":{"line":837,"column":29}},"314":{"start":{"line":847,"column":27},"end":{"line":878,"column":1}},"315":{"start":{"line":848,"column":2},"end":{"line":877,"column":3}},"316":{"start":{"line":850,"column":4},"end":{"line":850,"column":57}},"317":{"start":{"line":853,"column":4},"end":{"line":859,"column":7}},"318":{"start":{"line":862,"column":4},"end":{"line":870,"column":5}},"319":{"start":{"line":863,"column":6},"end":{"line":869,"column":9}},"320":{"start":{"line":872,"column":4},"end":{"line":872,"column":61}},"321":{"start":{"line":873,"column":4},"end":{"line":873,"column":16}},"322":{"start":{"line":875,"column":4},"end":{"line":875,"column":59}},"323":{"start":{"line":876,"column":4},"end":{"line":876,"column":16}},"324":{"start":{"line":880,"column":0},"end":{"line":883,"column":2}}},"fnMap":{"0":{"name":"(anonymous_0)","decl":{"start":{"line":16,"column":22},"end":{"line":16,"column":23}},"loc":{"start":{"line":16,"column":36},"end":{"line":31,"column":1}},"line":16},"1":{"name":"(anonymous_1)","decl":{"start":{"line":37,"column":23},"end":{"line":37,"column":24}},"loc":{"start":{"line":37,"column":43},"end":{"line":206,"column":1}},"line":37},"2":{"name":"(anonymous_2)","decl":{"start":{"line":64,"column":19},"end":{"line":64,"column":20}},"loc":{"start":{"line":64,"column":25},"end":{"line":67,"column":9}},"line":64},"3":{"name":"(anonymous_3)","decl":{"start":{"line":124,"column":32},"end":{"line":124,"column":33}},"loc":{"start":{"line":124,"column":44},"end":{"line":145,"column":9}},"line":124},"4":{"name":"(anonymous_4)","decl":{"start":{"line":159,"column":32},"end":{"line":159,"column":33}},"loc":{"start":{"line":159,"column":41},"end":{"line":161,"column":9}},"line":159},"5":{"name":"(anonymous_5)","decl":{"start":{"line":211,"column":26},"end":{"line":211,"column":27}},"loc":{"start":{"line":211,"column":55},"end":{"line":260,"column":1}},"line":211},"6":{"name":"(anonymous_6)","decl":{"start":{"line":268,"column":27},"end":{"line":268,"column":28}},"loc":{"start":{"line":268,"column":86},"end":{"line":286,"column":1}},"line":268},"7":{"name":"(anonymous_7)","decl":{"start":{"line":291,"column":21},"end":{"line":291,"column":22}},"loc":{"start":{"line":291,"column":37},"end":{"line":344,"column":1}},"line":291},"8":{"name":"(anonymous_8)","decl":{"start":{"line":349,"column":23},"end":{"line":349,"column":24}},"loc":{"start":{"line":349,"column":47},"end":{"line":460,"column":1}},"line":349},"9":{"name":"(anonymous_9)","decl":{"start":{"line":465,"column":26},"end":{"line":465,"column":27}},"loc":{"start":{"line":465,"column":55},"end":{"line":545,"column":1}},"line":465},"10":{"name":"(anonymous_10)","decl":{"start":{"line":524,"column":15},"end":{"line":524,"column":16}},"loc":{"start":{"line":524,"column":27},"end":{"line":534,"column":5}},"line":524},"11":{"name":"(anonymous_11)","decl":{"start":{"line":550,"column":23},"end":{"line":550,"column":24}},"loc":{"start":{"line":550,"column":47},"end":{"line":639,"column":1}},"line":550},"12":{"name":"(anonymous_12)","decl":{"start":{"line":644,"column":29},"end":{"line":644,"column":30}},"loc":{"start":{"line":644,"column":45},"end":{"line":676,"column":1}},"line":644},"13":{"name":"(anonymous_13)","decl":{"start":{"line":681,"column":23},"end":{"line":681,"column":24}},"loc":{"start":{"line":681,"column":52},"end":{"line":710,"column":1}},"line":681},"14":{"name":"(anonymous_14)","decl":{"start":{"line":715,"column":30},"end":{"line":715,"column":31}},"loc":{"start":{"line":715,"column":46},"end":{"line":777,"column":1}},"line":715},"15":{"name":"(anonymous_15)","decl":{"start":{"line":782,"column":24},"end":{"line":782,"column":25}},"loc":{"start":{"line":782,"column":45},"end":{"line":839,"column":1}},"line":782},"16":{"name":"(anonymous_16)","decl":{"start":{"line":847,"column":27},"end":{"line":847,"column":28}},"loc":{"start":{"line":847,"column":71},"end":{"line":878,"column":1}},"line":847}},"branchMap":{"0":{"loc":{"start":{"line":24,"column":2},"end":{"line":30,"column":3}},"type":"if","locations":[{"start":{"line":24,"column":2},"end":{"line":30,"column":3}},{"start":{"line":27,"column":9},"end":{"line":30,"column":3}}],"line":24},"1":{"loc":{"start":{"line":24,"column":6},"end":{"line":24,"column":72}},"type":"binary-expr","locations":[{"start":{"line":24,"column":6},"end":{"line":24,"column":26}},{"start":{"line":24,"column":30},"end":{"line":24,"column":72}}],"line":24},"2":{"loc":{"start":{"line":44,"column":4},"end":{"line":200,"column":5}},"type":"if","locations":[{"start":{"line":44,"column":4},"end":{"line":200,"column":5}},{"start":{"line":197,"column":11},"end":{"line":200,"column":5}}],"line":44},"3":{"loc":{"start":{"line":45,"column":6},"end":{"line":193,"column":7}},"type":"if","locations":[{"start":{"line":45,"column":6},"end":{"line":193,"column":7}},{"start":{},"end":{}}],"line":45},"4":{"loc":{"start":{"line":46,"column":8},"end":{"line":49,"column":50}},"type":"binary-expr","locations":[{"start":{"line":46,"column":8},"end":{"line":46,"column":18}},{"start":{"line":47,"column":8},"end":{"line":47,"column":29}},{"start":{"line":48,"column":8},"end":{"line":48,"column":47}},{"start":{"line":49,"column":8},"end":{"line":49,"column":50}}],"line":46},"5":{"loc":{"start":{"line":55,"column":8},"end":{"line":58,"column":9}},"type":"if","locations":[{"start":{"line":55,"column":8},"end":{"line":58,"column":9}},{"start":{},"end":{}}],"line":55},"6":{"loc":{"start":{"line":74,"column":28},"end":{"line":74,"column":78}},"type":"binary-expr","locations":[{"start":{"line":74,"column":28},"end":{"line":74,"column":72}},{"start":{"line":74,"column":76},"end":{"line":74,"column":78}}],"line":74},"7":{"loc":{"start":{"line":75,"column":25},"end":{"line":75,"column":66}},"type":"binary-expr","locations":[{"start":{"line":75,"column":25},"end":{"line":75,"column":50}},{"start":{"line":75,"column":54},"end":{"line":75,"column":66}}],"line":75},"8":{"loc":{"start":{"line":76,"column":27},"end":{"line":76,"column":125}},"type":"cond-expr","locations":[{"start":{"line":76,"column":47},"end":{"line":76,"column":118}},{"start":{"line":76,"column":121},"end":{"line":76,"column":125}}],"line":76},"9":{"loc":{"start":{"line":83,"column":10},"end":{"line":88,"column":11}},"type":"if","locations":[{"start":{"line":83,"column":10},"end":{"line":88,"column":11}},{"start":{},"end":{}}],"line":83},"10":{"loc":{"start":{"line":95,"column":26},"end":{"line":95,"column":48}},"type":"binary-expr","locations":[{"start":{"line":95,"column":26},"end":{"line":95,"column":38}},{"start":{"line":95,"column":42},"end":{"line":95,"column":48}}],"line":95},"11":{"loc":{"start":{"line":98,"column":8},"end":{"line":119,"column":9}},"type":"if","locations":[{"start":{"line":98,"column":8},"end":{"line":119,"column":9}},{"start":{"line":100,"column":15},"end":{"line":119,"column":9}}],"line":98},"12":{"loc":{"start":{"line":99,"column":24},"end":{"line":99,"column":56}},"type":"binary-expr","locations":[{"start":{"line":99,"column":24},"end":{"line":99,"column":50}},{"start":{"line":99,"column":54},"end":{"line":99,"column":56}}],"line":99},"13":{"loc":{"start":{"line":100,"column":15},"end":{"line":119,"column":9}},"type":"if","locations":[{"start":{"line":100,"column":15},"end":{"line":119,"column":9}},{"start":{"line":107,"column":15},"end":{"line":119,"column":9}}],"line":100},"14":{"loc":{"start":{"line":102,"column":10},"end":{"line":106,"column":11}},"type":"if","locations":[{"start":{"line":102,"column":10},"end":{"line":106,"column":11}},{"start":{"line":104,"column":17},"end":{"line":106,"column":11}}],"line":102},"15":{"loc":{"start":{"line":104,"column":17},"end":{"line":106,"column":11}},"type":"if","locations":[{"start":{"line":104,"column":17},"end":{"line":106,"column":11}},{"start":{},"end":{}}],"line":104},"16":{"loc":{"start":{"line":107,"column":15},"end":{"line":119,"column":9}},"type":"if","locations":[{"start":{"line":107,"column":15},"end":{"line":119,"column":9}},{"start":{"line":111,"column":15},"end":{"line":119,"column":9}}],"line":107},"17":{"loc":{"start":{"line":108,"column":24},"end":{"line":108,"column":60}},"type":"binary-expr","locations":[{"start":{"line":108,"column":24},"end":{"line":108,"column":46}},{"start":{"line":108,"column":50},"end":{"line":108,"column":60}}],"line":108},"18":{"loc":{"start":{"line":111,"column":15},"end":{"line":119,"column":9}},"type":"if","locations":[{"start":{"line":111,"column":15},"end":{"line":119,"column":9}},{"start":{"line":115,"column":15},"end":{"line":119,"column":9}}],"line":111},"19":{"loc":{"start":{"line":115,"column":15},"end":{"line":119,"column":9}},"type":"if","locations":[{"start":{"line":115,"column":15},"end":{"line":119,"column":9}},{"start":{},"end":{}}],"line":115},"20":{"loc":{"start":{"line":116,"column":24},"end":{"line":116,"column":67}},"type":"binary-expr","locations":[{"start":{"line":116,"column":24},"end":{"line":116,"column":50}},{"start":{"line":116,"column":54},"end":{"line":116,"column":67}}],"line":116},"21":{"loc":{"start":{"line":127,"column":12},"end":{"line":133,"column":13}},"type":"if","locations":[{"start":{"line":127,"column":12},"end":{"line":133,"column":13}},{"start":{},"end":{}}],"line":127},"22":{"loc":{"start":{"line":127,"column":16},"end":{"line":127,"column":83}},"type":"binary-expr","locations":[{"start":{"line":127,"column":17},"end":{"line":127,"column":40}},{"start":{"line":127,"column":44},"end":{"line":127,"column":70}},{"start":{"line":127,"column":75},"end":{"line":127,"column":83}}],"line":127},"23":{"loc":{"start":{"line":148,"column":8},"end":{"line":156,"column":9}},"type":"if","locations":[{"start":{"line":148,"column":8},"end":{"line":156,"column":9}},{"start":{},"end":{}}],"line":148},"24":{"loc":{"start":{"line":168,"column":8},"end":{"line":182,"column":9}},"type":"if","locations":[{"start":{"line":168,"column":8},"end":{"line":182,"column":9}},{"start":{},"end":{}}],"line":168},"25":{"loc":{"start":{"line":172,"column":10},"end":{"line":178,"column":11}},"type":"if","locations":[{"start":{"line":172,"column":10},"end":{"line":178,"column":11}},{"start":{},"end":{}}],"line":172},"26":{"loc":{"start":{"line":185,"column":8},"end":{"line":187,"column":9}},"type":"if","locations":[{"start":{"line":185,"column":8},"end":{"line":187,"column":9}},{"start":{},"end":{}}],"line":185},"27":{"loc":{"start":{"line":186,"column":75},"end":{"line":186,"column":111}},"type":"binary-expr","locations":[{"start":{"line":186,"column":75},"end":{"line":186,"column":99}},{"start":{"line":186,"column":103},"end":{"line":186,"column":111}}],"line":186},"28":{"loc":{"start":{"line":221,"column":2},"end":{"line":224,"column":3}},"type":"if","locations":[{"start":{"line":221,"column":2},"end":{"line":224,"column":3}},{"start":{},"end":{}}],"line":221},"29":{"loc":{"start":{"line":227,"column":2},"end":{"line":233,"column":3}},"type":"if","locations":[{"start":{"line":227,"column":2},"end":{"line":233,"column":3}},{"start":{},"end":{}}],"line":227},"30":{"loc":{"start":{"line":235,"column":2},"end":{"line":259,"column":3}},"type":"switch","locations":[{"start":{"line":236,"column":4},"end":{"line":236,"column":17}},{"start":{"line":237,"column":4},"end":{"line":242,"column":12}},{"start":{"line":244,"column":4},"end":{"line":246,"column":12}},{"start":{"line":248,"column":4},"end":{"line":250,"column":12}},{"start":{"line":252,"column":4},"end":{"line":254,"column":12}},{"start":{"line":256,"column":4},"end":{"line":258,"column":12}}],"line":235},"31":{"loc":{"start":{"line":268,"column":40},"end":{"line":268,"column":58}},"type":"default-arg","locations":[{"start":{"line":268,"column":56},"end":{"line":268,"column":58}}],"line":268},"32":{"loc":{"start":{"line":268,"column":60},"end":{"line":268,"column":81}},"type":"default-arg","locations":[{"start":{"line":268,"column":77},"end":{"line":268,"column":81}}],"line":268},"33":{"loc":{"start":{"line":271,"column":2},"end":{"line":282,"column":3}},"type":"if","locations":[{"start":{"line":271,"column":2},"end":{"line":282,"column":3}},{"start":{"line":278,"column":9},"end":{"line":282,"column":3}}],"line":271},"34":{"loc":{"start":{"line":280,"column":19},"end":{"line":280,"column":72}},"type":"cond-expr","locations":[{"start":{"line":280,"column":35},"end":{"line":280,"column":62}},{"start":{"line":280,"column":65},"end":{"line":280,"column":72}}],"line":280},"35":{"loc":{"start":{"line":333,"column":2},"end":{"line":341,"column":3}},"type":"if","locations":[{"start":{"line":333,"column":2},"end":{"line":341,"column":3}},{"start":{},"end":{}}],"line":333},"36":{"loc":{"start":{"line":350,"column":2},"end":{"line":459,"column":3}},"type":"switch","locations":[{"start":{"line":351,"column":4},"end":{"line":351,"column":13}},{"start":{"line":352,"column":4},"end":{"line":352,"column":20}},{"start":{"line":353,"column":4},"end":{"line":368,"column":12}},{"start":{"line":370,"column":4},"end":{"line":370,"column":13}},{"start":{"line":371,"column":4},"end":{"line":371,"column":20}},{"start":{"line":372,"column":4},"end":{"line":387,"column":12}},{"start":{"line":389,"column":4},"end":{"line":389,"column":13}},{"start":{"line":390,"column":4},"end":{"line":390,"column":20}},{"start":{"line":391,"column":4},"end":{"line":394,"column":12}},{"start":{"line":396,"column":4},"end":{"line":409,"column":5}},{"start":{"line":411,"column":4},"end":{"line":425,"column":5}},{"start":{"line":427,"column":4},"end":{"line":436,"column":5}},{"start":{"line":438,"column":4},"end":{"line":438,"column":13}},{"start":{"line":439,"column":4},"end":{"line":439,"column":20}},{"start":{"line":440,"column":4},"end":{"line":451,"column":5}},{"start":{"line":453,"column":4},"end":{"line":458,"column":12}}],"line":350},"37":{"loc":{"start":{"line":446,"column":6},"end":{"line":448,"column":7}},"type":"if","locations":[{"start":{"line":446,"column":6},"end":{"line":448,"column":7}},{"start":{},"end":{}}],"line":446},"38":{"loc":{"start":{"line":468,"column":17},"end":{"line":468,"column":40}},"type":"cond-expr","locations":[{"start":{"line":468,"column":25},"end":{"line":468,"column":33}},{"start":{"line":468,"column":36},"end":{"line":468,"column":40}}],"line":468},"39":{"loc":{"start":{"line":471,"column":2},"end":{"line":479,"column":3}},"type":"if","locations":[{"start":{"line":471,"column":2},"end":{"line":479,"column":3}},{"start":{},"end":{}}],"line":471},"40":{"loc":{"start":{"line":485,"column":4},"end":{"line":494,"column":5}},"type":"if","locations":[{"start":{"line":485,"column":4},"end":{"line":494,"column":5}},{"start":{},"end":{}}],"line":485},"41":{"loc":{"start":{"line":554,"column":2},"end":{"line":638,"column":3}},"type":"switch","locations":[{"start":{"line":555,"column":4},"end":{"line":555,"column":13}},{"start":{"line":556,"column":4},"end":{"line":568,"column":12}},{"start":{"line":570,"column":4},"end":{"line":570,"column":13}},{"start":{"line":571,"column":4},"end":{"line":587,"column":12}},{"start":{"line":589,"column":4},"end":{"line":589,"column":13}},{"start":{"line":590,"column":4},"end":{"line":606,"column":12}},{"start":{"line":608,"column":4},"end":{"line":617,"column":12}},{"start":{"line":619,"column":4},"end":{"line":619,"column":13}},{"start":{"line":620,"column":4},"end":{"line":630,"column":12}},{"start":{"line":632,"column":4},"end":{"line":637,"column":12}}],"line":554},"42":{"loc":{"start":{"line":564,"column":2},"end":{"line":564,"column":126}},"type":"cond-expr","locations":[{"start":{"line":564,"column":26},"end":{"line":564,"column":99}},{"start":{"line":564,"column":102},"end":{"line":564,"column":126}}],"line":564},"43":{"loc":{"start":{"line":577,"column":12},"end":{"line":577,"column":77}},"type":"cond-expr","locations":[{"start":{"line":577,"column":46},"end":{"line":577,"column":60}},{"start":{"line":577,"column":63},"end":{"line":577,"column":77}}],"line":577},"44":{"loc":{"start":{"line":583,"column":2},"end":{"line":583,"column":109}},"type":"cond-expr","locations":[{"start":{"line":583,"column":36},"end":{"line":583,"column":70}},{"start":{"line":583,"column":73},"end":{"line":583,"column":109}}],"line":583},"45":{"loc":{"start":{"line":649,"column":4},"end":{"line":668,"column":5}},"type":"if","locations":[{"start":{"line":649,"column":4},"end":{"line":668,"column":5}},{"start":{"line":657,"column":11},"end":{"line":668,"column":5}}],"line":649},"46":{"loc":{"start":{"line":686,"column":4},"end":{"line":690,"column":5}},"type":"if","locations":[{"start":{"line":686,"column":4},"end":{"line":690,"column":5}},{"start":{},"end":{}}],"line":686},"47":{"loc":{"start":{"line":686,"column":8},"end":{"line":686,"column":49}},"type":"binary-expr","locations":[{"start":{"line":686,"column":8},"end":{"line":686,"column":12}},{"start":{"line":686,"column":16},"end":{"line":686,"column":30}},{"start":{"line":686,"column":34},"end":{"line":686,"column":49}}],"line":686},"48":{"loc":{"start":{"line":722,"column":4},"end":{"line":727,"column":5}},"type":"if","locations":[{"start":{"line":722,"column":4},"end":{"line":727,"column":5}},{"start":{},"end":{}}],"line":722},"49":{"loc":{"start":{"line":730,"column":4},"end":{"line":739,"column":5}},"type":"if","locations":[{"start":{"line":730,"column":4},"end":{"line":739,"column":5}},{"start":{},"end":{}}],"line":730},"50":{"loc":{"start":{"line":750,"column":16},"end":{"line":750,"column":50}},"type":"cond-expr","locations":[{"start":{"line":750,"column":27},"end":{"line":750,"column":38}},{"start":{"line":750,"column":41},"end":{"line":750,"column":50}}],"line":750},"51":{"loc":{"start":{"line":787,"column":4},"end":{"line":793,"column":5}},"type":"if","locations":[{"start":{"line":787,"column":4},"end":{"line":793,"column":5}},{"start":{},"end":{}}],"line":787},"52":{"loc":{"start":{"line":789,"column":28},"end":{"line":789,"column":78}},"type":"binary-expr","locations":[{"start":{"line":789,"column":28},"end":{"line":789,"column":43}},{"start":{"line":789,"column":47},"end":{"line":789,"column":78}}],"line":789},"53":{"loc":{"start":{"line":812,"column":4},"end":{"line":815,"column":5}},"type":"if","locations":[{"start":{"line":812,"column":4},"end":{"line":815,"column":5}},{"start":{},"end":{}}],"line":812},"54":{"loc":{"start":{"line":847,"column":53},"end":{"line":847,"column":66}},"type":"default-arg","locations":[{"start":{"line":847,"column":60},"end":{"line":847,"column":66}}],"line":847},"55":{"loc":{"start":{"line":862,"column":4},"end":{"line":870,"column":5}},"type":"if","locations":[{"start":{"line":862,"column":4},"end":{"line":870,"column":5}},{"start":{},"end":{}}],"line":862}},"s":{"0":0,"1":0,"2":0,"3":0,"4":0,"5":0,"6":0,"7":0,"8":0,"9":0,"10":0,"11":0,"12":0,"13":0,"14":0,"15":0,"16":0,"17":0,"18":0,"19":0,"20":0,"21":0,"22":0,"23":0,"24":0,"25":0,"26":0,"27":0,"28":0,"29":0,"30":0,"31":0,"32":0,"33":0,"34":0,"35":0,"36":0,"37":0,"38":0,"39":0,"40":0,"41":0,"42":0,"43":0,"44":0,"45":0,"46":0,"47":0,"48":0,"49":0,"50":0,"51":0,"52":0,"53":0,"54":0,"55":0,"56":0,"57":0,"58":0,"59":0,"60":0,"61":0,"62":0,"63":0,"64":0,"65":0,"66":0,"67":0,"68":0,"69":0,"70":0,"71":0,"72":0,"73":0,"74":0,"75":0,"76":0,"77":0,"78":0,"79":0,"80":0,"81":0,"82":0,"83":0,"84":0,"85":0,"86":0,"87":0,"88":0,"89":0,"90":0,"91":0,"92":0,"93":0,"94":0,"95":0,"96":0,"97":0,"98":0,"99":0,"100":0,"101":0,"102":0,"103":0,"104":0,"105":0,"106":0,"107":0,"108":0,"109":0,"110":0,"111":0,"112":0,"113":0,"114":0,"115":0,"116":0,"117":0,"118":0,"119":0,"120":0,"121":0,"122":0,"123":0,"124":0,"125":0,"126":0,"127":0,"128":0,"129":0,"130":0,"131":0,"132":0,"133":0,"134":0,"135":0,"136":0,"137":0,"138":0,"139":0,"140":0,"141":0,"142":0,"143":0,"144":0,"145":0,"146":0,"147":0,"148":0,"149":0,"150":0,"151":0,"152":0,"153":0,"154":0,"155":0,"156":0,"157":0,"158":0,"159":0,"160":0,"161":0,"162":0,"163":0,"164":0,"165":0,"166":0,"167":0,"168":0,"169":0,"170":0,"171":0,"172":0,"173":0,"174":0,"175":0,"176":0,"177":0,"178":0,"179":0,"180":0,"181":0,"182":0,"183":0,"184":0,"185":0,"186":0,"187":0,"188":0,"189":0,"190":0,"191":0,"192":0,"193":0,"194":0,"195":0,"196":0,"197":0,"198":0,"199":0,"200":0,"201":0,"202":0,"203":0,"204":0,"205":0,"206":0,"207":0,"208":0,"209":0,"210":0,"211":0,"212":0,"213":0,"214":0,"215":0,"216":0,"217":0,"218":0,"219":0,"220":0,"221":0,"222":0,"223":0,"224":0,"225":0,"226":0,"227":0,"228":0,"229":0,"230":0,"231":0,"232":0,"233":0,"234":0,"235":0,"236":0,"237":0,"238":0,"239":0,"240":0,"241":0,"242":0,"243":0,"244":0,"245":0,"246":0,"247":0,"248":0,"249":0,"250":0,"251":0,"252":0,"253":0,"254":0,"255":0,"256":0,"257":0,"258":0,"259":0,"260":0,"261":0,"262":0,"263":0,"264":0,"265":0,"266":0,"267":0,"268":0,"269":0,"270":0,"271":0,"272":0,"273":0,"274":0,"275":0,"276":0,"277":0,"278":0,"279":0,"280":0,"281":0,"282":0,"283":0,"284":0,"285":0,"286":0,"287":0,"288":0,"289":0,"290":0,"291":0,"292":0,"293":0,"294":0,"295":0,"296":0,"297":0,"298":0,"299":0,"300":0,"301":0,"302":0,"303":0,"304":0,"305":0,"306":0,"307":0,"308":0,"309":0,"310":0,"311":0,"312":0,"313":0,"314":0,"315":0,"316":0,"317":0,"318":0,"319":0,"320":0,"321":0,"322":0,"323":0,"324":0},"f":{"0":0,"1":0,"2":0,"3":0,"4":0,"5":0,"6":0,"7":0,"8":0,"9":0,"10":0,"11":0,"12":0,"13":0,"14":0,"15":0,"16":0},"b":{"0":[0,0],"1":[0,0],"2":[0,0],"3":[0,0],"4":[0,0,0,0],"5":[0,0],"6":[0,0],"7":[0,0],"8":[0,0],"9":[0,0],"10":[0,0],"11":[0,0],"12":[0,0],"13":[0,0],"14":[0,0],"15":[0,0],"16":[0,0],"17":[0,0],"18":[0,0],"19":[0,0],"20":[0,0],"21":[0,0],"22":[0,0,0],"23":[0,0],"24":[0,0],"25":[0,0],"26":[0,0],"27":[0,0],"28":[0,0],"29":[0,0],"30":[0,0,0,0,0,0],"31":[0],"32":[0],"33":[0,0],"34":[0,0],"35":[0,0],"36":[0,0,0,0,0,0,0,0,0,0,0,0,0,0,0,0],"37":[0,0],"38":[0,0],"39":[0,0],"40":[0,0],"41":[0,0,0,0,0,0,0,0,0,0],"42":[0,0],"43":[0,0],"44":[0,0],"45":[0,0],"46":[0,0],"47":[0,0,0],"48":[0,0],"49":[0,0],"50":[0,0],"51":[0,0],"52":[0,0],"53":[0,0],"54":[0],"55":[0,0]}}
,"C:\\Users\\lauti\\bot-irrigacion\\src\\middleware\\authMiddleware.js": {"path":"C:\\Users\\lauti\\bot-irrigacion\\src\\middleware\\authMiddleware.js","statementMap":{"0":{"start":{"line":1,"column":12},"end":{"line":1,"column":35}},"1":{"start":{"line":3,"column":19},"end":{"line":3,"column":95}},"2":{"start":{"line":9,"column":20},"end":{"line":40,"column":1}},"3":{"start":{"line":10,"column":2},"end":{"line":39,"column":3}},"4":{"start":{"line":11,"column":23},"end":{"line":11,"column":48}},"5":{"start":{"line":13,"column":4},"end":{"line":18,"column":5}},"6":{"start":{"line":14,"column":6},"end":{"line":17,"column":9}},"7":{"start":{"line":20,"column":18},"end":{"line":20,"column":37}},"8":{"start":{"line":21,"column":20},"end":{"line":21,"column":49}},"9":{"start":{"line":24,"column":4},"end":{"line":24,"column":23}},"10":{"start":{"line":25,"column":4},"end":{"line":25,"column":11}},"11":{"start":{"line":27,"column":4},"end":{"line":32,"column":5}},"12":{"start":{"line":28,"column":6},"end":{"line":31,"column":9}},"13":{"start":{"line":34,"column":4},"end":{"line":34,"column":52}},"14":{"start":{"line":35,"column":4},"end":{"line":38,"column":7}},"15":{"start":{"line":42,"column":0},"end":{"line":44,"column":2}}},"fnMap":{"0":{"name":"(anonymous_0)","decl":{"start":{"line":9,"column":20},"end":{"line":9,"column":21}},"loc":{"start":{"line":9,"column":40},"end":{"line":40,"column":1}},"line":9}},"branchMap":{"0":{"loc":{"start":{"line":3,"column":19},"end":{"line":3,"column":95}},"type":"binary-expr","locations":[{"start":{"line":3,"column":19},"end":{"line":3,"column":41}},{"start":{"line":3,"column":45},"end":{"line":3,"column":95}}],"line":3},"1":{"loc":{"start":{"line":13,"column":4},"end":{"line":18,"column":5}},"type":"if","locations":[{"start":{"line":13,"column":4},"end":{"line":18,"column":5}},{"start":{},"end":{}}],"line":13},"2":{"loc":{"start":{"line":13,"column":8},"end":{"line":13,"column":56}},"type":"binary-expr","locations":[{"start":{"line":13,"column":8},"end":{"line":13,"column":19}},{"start":{"line":13,"column":23},"end":{"line":13,"column":56}}],"line":13},"3":{"loc":{"start":{"line":27,"column":4},"end":{"line":32,"column":5}},"type":"if","locations":[{"start":{"line":27,"column":4},"end":{"line":32,"column":5}},{"start":{},"end":{}}],"line":27}},"s":{"0":0,"1":0,"2":0,"3":0,"4":0,"5":0,"6":0,"7":0,"8":0,"9":0,"10":0,"11":0,"12":0,"13":0,"14":0,"15":0},"f":{"0":0},"b":{"0":[0,0],"1":[0,0],"2":[0,0],"3":[0,0]}}
,"C:\\Users\\lauti\\bot-irrigacion\\src\\middleware\\uploadMiddleware.js": {"path":"C:\\Users\\lauti\\bot-irrigacion\\src\\middleware\\uploadMiddleware.js","statementMap":{"0":{"start":{"line":1,"column":15},"end":{"line":1,"column":32}},"1":{"start":{"line":2,"column":13},"end":{"line":2,"column":28}},"2":{"start":{"line":3,"column":11},"end":{"line":3,"column":24}},"3":{"start":{"line":4,"column":13},"end":{"line":4,"column":34}},"4":{"start":{"line":7,"column":19},"end":{"line":7,"column":63}},"5":{"start":{"line":8,"column":0},"end":{"line":10,"column":1}},"6":{"start":{"line":9,"column":2},"end":{"line":9,"column":48}},"7":{"start":{"line":13,"column":16},"end":{"line":22,"column":2}},"8":{"start":{"line":15,"column":4},"end":{"line":15,"column":25}},"9":{"start":{"line":18,"column":16},"end":{"line":18,"column":106}},"10":{"start":{"line":19,"column":23},"end":{"line":19,"column":80}},"11":{"start":{"line":20,"column":4},"end":{"line":20,"column":25}},"12":{"start":{"line":25,"column":19},"end":{"line":31,"column":1}},"13":{"start":{"line":26,"column":18},"end":{"line":26,"column":64}},"14":{"start":{"line":27,"column":2},"end":{"line":29,"column":3}},"15":{"start":{"line":28,"column":4},"end":{"line":28,"column":26}},"16":{"start":{"line":30,"column":2},"end":{"line":30,"column":70}},"17":{"start":{"line":33,"column":15},"end":{"line":39,"column":2}},"18":{"start":{"line":41,"column":0},"end":{"line":41,"column":24}}},"fnMap":{"0":{"name":"(anonymous_0)","decl":{"start":{"line":14,"column":15},"end":{"line":14,"column":16}},"loc":{"start":{"line":14,"column":34},"end":{"line":16,"column":3}},"line":14},"1":{"name":"(anonymous_1)","decl":{"start":{"line":17,"column":12},"end":{"line":17,"column":13}},"loc":{"start":{"line":17,"column":31},"end":{"line":21,"column":3}},"line":17},"2":{"name":"(anonymous_2)","decl":{"start":{"line":25,"column":19},"end":{"line":25,"column":20}},"loc":{"start":{"line":25,"column":38},"end":{"line":31,"column":1}},"line":25}},"branchMap":{"0":{"loc":{"start":{"line":8,"column":0},"end":{"line":10,"column":1}},"type":"if","locations":[{"start":{"line":8,"column":0},"end":{"line":10,"column":1}},{"start":{},"end":{}}],"line":8},"1":{"loc":{"start":{"line":18,"column":16},"end":{"line":18,"column":106}},"type":"binary-expr","locations":[{"start":{"line":18,"column":16},"end":{"line":18,"column":45}},{"start":{"line":18,"column":49},"end":{"line":18,"column":97}},{"start":{"line":18,"column":101},"end":{"line":18,"column":106}}],"line":18},"2":{"loc":{"start":{"line":27,"column":2},"end":{"line":29,"column":3}},"type":"if","locations":[{"start":{"line":27,"column":2},"end":{"line":29,"column":3}},{"start":{},"end":{}}],"line":27}},"s":{"0":0,"1":0,"2":0,"3":0,"4":0,"5":0,"6":0,"7":0,"8":0,"9":0,"10":0,"11":0,"12":0,"13":0,"14":0,"15":0,"16":0,"17":0,"18":0},"f":{"0":0,"1":0,"2":0},"b":{"0":[0,0],"1":[0,0,0],"2":[0,0]}}
,"C:\\Users\\lauti\\bot-irrigacion\\src\\middlewares\\authMiddleware.js": {"path":"C:\\Users\\lauti\\bot-irrigacion\\src\\middlewares\\authMiddleware.js","statementMap":{"0":{"start":{"line":1,"column":12},"end":{"line":1,"column":35}},"1":{"start":{"line":2,"column":19},"end":{"line":2,"column":52}},"2":{"start":{"line":8,"column":20},"end":{"line":37,"column":1}},"3":{"start":{"line":9,"column":2},"end":{"line":36,"column":3}},"4":{"start":{"line":10,"column":18},"end":{"line":10,"column":58}},"5":{"start":{"line":12,"column":4},"end":{"line":18,"column":5}},"6":{"start":{"line":13,"column":6},"end":{"line":17,"column":9}},"7":{"start":{"line":20,"column":20},"end":{"line":20,"column":82}},"8":{"start":{"line":21,"column":4},"end":{"line":21,"column":23}},"9":{"start":{"line":26,"column":4},"end":{"line":26,"column":11}},"10":{"start":{"line":28,"column":4},"end":{"line":28,"column":68}},"11":{"start":{"line":30,"column":4},"end":{"line":35,"column":7}},"12":{"start":{"line":43,"column":19},"end":{"line":73,"column":1}},"13":{"start":{"line":44,"column":2},"end":{"line":72,"column":4}},"14":{"start":{"line":45,"column":4},"end":{"line":71,"column":5}},"15":{"start":{"line":46,"column":6},"end":{"line":51,"column":7}},"16":{"start":{"line":47,"column":8},"end":{"line":50,"column":11}},"17":{"start":{"line":53,"column":6},"end":{"line":62,"column":7}},"18":{"start":{"line":54,"column":8},"end":{"line":54,"column":83}},"19":{"start":{"line":56,"column":8},"end":{"line":61,"column":11}},"20":{"start":{"line":64,"column":6},"end":{"line":64,"column":13}},"21":{"start":{"line":66,"column":6},"end":{"line":70,"column":9}},"22":{"start":{"line":75,"column":0},"end":{"line":78,"column":2}}},"fnMap":{"0":{"name":"(anonymous_0)","decl":{"start":{"line":8,"column":20},"end":{"line":8,"column":21}},"loc":{"start":{"line":8,"column":40},"end":{"line":37,"column":1}},"line":8},"1":{"name":"(anonymous_1)","decl":{"start":{"line":43,"column":19},"end":{"line":43,"column":20}},"loc":{"start":{"line":43,"column":37},"end":{"line":73,"column":1}},"line":43},"2":{"name":"(anonymous_2)","decl":{"start":{"line":44,"column":9},"end":{"line":44,"column":10}},"loc":{"start":{"line":44,"column":29},"end":{"line":72,"column":3}},"line":44}},"branchMap":{"0":{"loc":{"start":{"line":12,"column":4},"end":{"line":18,"column":5}},"type":"if","locations":[{"start":{"line":12,"column":4},"end":
[...]
lumn":25}},"81":{"start":{"line":237,"column":4},"end":{"line":237,"column":96}},"82":{"start":{"line":238,"column":4},"end":{"line":238,"column":16}},"83":{"start":{"line":248,"column":31},"end":{"line":292,"column":1}},"84":{"start":{"line":250,"column":2},"end":{"line":252,"column":3}},"85":{"start":{"line":251,"column":4},"end":{"line":251,"column":33}},"86":{"start":{"line":254,"column":2},"end":{"line":291,"column":3}},"87":{"start":{"line":255,"column":16},"end":{"line":255,"column":79}},"88":{"start":{"line":257,"column":17},"end":{"line":276,"column":5}},"89":{"start":{"line":267,"column":39},"end":{"line":273,"column":11}},"90":{"start":{"line":278,"column":19},"end":{"line":283,"column":5}},"91":{"start":{"line":285,"column":21},"end":{"line":285,"column":56}},"92":{"start":{"line":286,"column":4},"end":{"line":286,"column":81}},"93":{"start":{"line":287,"column":4},"end":{"line":287,"column":25}},"94":{"start":{"line":289,"column":4},"end":{"line":289,"column":99}},"95":{"start":{"line":290,"column":4},"end":{"line":290,"column":16}},"96":{"start":{"line":300,"column":18},"end":{"line":333,"column":1}},"97":{"start":{"line":302,"column":2},"end":{"line":304,"column":3}},"98":{"start":{"line":303,"column":4},"end":{"line":303,"column":33}},"99":{"start":{"line":306,"column":2},"end":{"line":332,"column":3}},"100":{"start":{"line":307,"column":16},"end":{"line":307,"column":79}},"101":{"start":{"line":309,"column":17},"end":{"line":317,"column":5}},"102":{"start":{"line":319,"column":19},"end":{"line":324,"column":5}},"103":{"start":{"line":326,"column":21},"end":{"line":326,"column":56}},"104":{"start":{"line":327,"column":4},"end":{"line":327,"column":66}},"105":{"start":{"line":328,"column":4},"end":{"line":328,"column":25}},"106":{"start":{"line":330,"column":4},"end":{"line":330,"column":85}},"107":{"start":{"line":331,"column":4},"end":{"line":331,"column":16}},"108":{"start":{"line":339,"column":19},"end":{"line":363,"column":1}},"109":{"start":{"line":340,"column":2},"end":{"line":362,"column":3}},"110":{"start":{"line":341,"column":16},"end":{"line":341,"column":79}},"111":{"start":{"line":343,"column":17},"end":{"line":347,"column":5}},"112":{"start":{"line":349,"column":19},"end":{"line":354,"column":5}},"113":{"start":{"line":356,"column":21},"end":{"line":356,"column":56}},"114":{"start":{"line":357,"column":4},"end":{"line":357,"column":48}},"115":{"start":{"line":358,"column":4},"end":{"line":358,"column":25}},"116":{"start":{"line":360,"column":4},"end":{"line":360,"column":97}},"117":{"start":{"line":361,"column":4},"end":{"line":361,"column":16}},"118":{"start":{"line":371,"column":20},"end":{"line":399,"column":1}},"119":{"start":{"line":372,"column":13},"end":{"line":372,"column":26}},"120":{"start":{"line":373,"column":19},"end":{"line":373,"column":39}},"121":{"start":{"line":375,"column":2},"end":{"line":398,"column":3}},"122":{"start":{"line":376,"column":16},"end":{"line":376,"column":76}},"123":{"start":{"line":378,"column":21},"end":{"line":378,"column":35}},"124":{"start":{"line":379,"column":4},"end":{"line":379,"column":53}},"125":{"start":{"line":380,"column":4},"end":{"line":382,"column":7}},"126":{"start":{"line":384,"column":19},"end":{"line":389,"column":5}},"127":{"start":{"line":391,"column":21},"end":{"line":391,"column":60}},"128":{"start":{"line":392,"column":4},"end":{"line":392,"column":58}},"129":{"start":{"line":393,"column":4},"end":{"line":393,"column":28}},"130":{"start":{"line":396,"column":4},"end":{"line":396,"column":84}},"131":{"start":{"line":397,"column":4},"end":{"line":397,"column":16}},"132":{"start":{"line":408,"column":21},"end":{"line":442,"column":1}},"133":{"start":{"line":410,"column":2},"end":{"line":412,"column":3}},"134":{"start":{"line":411,"column":4},"end":{"line":411,"column":33}},"135":{"start":{"line":414,"column":2},"end":{"line":441,"column":3}},"136":{"start":{"line":415,"column":16},"end":{"line":415,"column":79}},"137":{"start":{"line":417,"column":17},"end":{"line":426,"column":5}},"138":{"start":{"line":428,"column":19},"end":{"line":433,"column":5}},"139":{"start":{"line":435,"column":4},"end":{"line":435,"column":40}},"140":{"start":{"line":436,"column":4},"end":{"line":436,"column":48}},"141":{"start":{"line":439,"column":4},"end":{"line":439,"column":88}},"142":{"start":{"line":440,"column":4},"end":{"line":440,"column":16}},"143":{"start":{"line":450,"column":24},"end":{"line":499,"column":1}},"144":{"start":{"line":452,"column":2},"end":{"line":454,"column":3}},"145":{"start":{"line":453,"column":4},"end":{"line":453,"column":33}},"146":{"start":{"line":457,"column":2},"end":{"line":459,"column":3}},"147":{"start":{"line":458,"column":4},"end":{"line":458,"column":51}},"148":{"start":{"line":461,"column":2},"end":{"line":498,"column":3}},"149":{"start":{"line":462,"column":16},"end":{"line":462,"column":79}},"150":{"start":{"line":464,"column":17},"end":{"line":483,"column":5}},"151":{"start":{"line":474,"column":48},"end":{"line":480,"column":11}},"152":{"start":{"line":485,"column":19},"end":{"line":490,"column":5}},"153":{"start":{"line":492,"column":4},"end":{"line":492,"column":40}},"154":{"start":{"line":493,"column":4},"end":{"line":493,"column":47}},"155":{"start":{"line":496,"column":4},"end":{"line":496,"column":86}},"156":{"start":{"line":497,"column":4},"end":{"line":497,"column":16}},"157":{"start":{"line":501,"column":0},"end":{"line":514,"column":2}}},"fnMap":{"0":{"name":"(anonymous_0)","decl":{"start":{"line":13,"column":20},"end":{"line":13,"column":21}},"loc":{"start":{"line":13,"column":40},"end":{"line":42,"column":1}},"line":13},"1":{"name":"(anonymous_1)","decl":{"start":{"line":19,"column":27},"end":{"line":19,"column":28}},"loc":{"start":{"line":19,"column":39},"end":{"line":41,"column":3}},"line":19},"2":{"name":"(anonymous_2)","decl":{"start":{"line":51,"column":21},"end":{"line":51,"column":22}},"loc":{"start":{"line":51,"column":97},"end":{"line":86,"column":1}},"line":51},"3":{"name":"(anonymous_3)","decl":{"start":{"line":57,"column":27},"end":{"line":57,"column":28}},"loc":{"start":{"line":57,"column":39},"end":{"line":85,"column":3}},"line":57},"4":{"name":"(anonymous_4)","decl":{"start":{"line":92,"column":21},"end":{"line":92,"column":22}},"loc":{"start":{"line":92,"column":40},"end":{"line":106,"column":1}},"line":92},"5":{"name":"(anonymous_5)","decl":{"start":{"line":113,"column":22},"end":{"line":113,"column":23}},"loc":{"start":{"line":113,"column":41},"end":{"line":152,"column":1}},"line":113},"6":{"name":"(anonymous_6)","decl":{"start":{"line":136,"column":22},"end":{"line":136,"column":23}},"loc":{"start":{"line":136,"column":43},"end":{"line":141,"column":5}},"line":136},"7":{"name":"(anonymous_7)","decl":{"start":{"line":159,"column":25},"end":{"line":159,"column":26}},"loc":{"start":{"line":159,"column":45},"end":{"line":173,"column":1}},"line":159},"8":{"name":"(anonymous_8)","decl":{"start":{"line":184,"column":28},"end":{"line":184,"column":29}},"loc":{"start":{"line":184,"column":109},"end":{"line":240,"column":1}},"line":184},"9":{"name":"(anonymous_9)","decl":{"start":{"line":248,"column":31},"end":{"line":248,"column":32}},"loc":{"start":{"line":248,"column":64},"end":{"line":292,"column":1}},"line":248},"10":{"name":"(anonymous_10)","decl":{"start":{"line":267,"column":31},"end":{"line":267,"column":32}},"loc":{"start":{"line":267,"column":39},"end":{"line":273,"column":11}},"line":267},"11":{"name":"(anonymous_11)","decl":{"start":{"line":300,"column":18},"end":{"line":300,"column":19}},"loc":{"start":{"line":300,"column":56},"end":{"line":333,"column":1}},"line":300},"12":{"name":"(anonymous_12)","decl":{"start":{"line":339,"column":19},"end":{"line":339,"column":20}},"loc":{"start":{"line":339,"column":40},"end":{"line":363,"column":1}},"line":339},"13":{"name":"(anonymous_13)","decl":{"start":{"line":371,"column":20},"end":{"line":371,"column":21}},"loc":{"start":{"line":371,"column":50},"end":{"line":399,"column":1}},"line":371},"14":{"name":"(anonymous_14)","decl":{"start":{"line":408,"column":21},"end":{"line":408,"column":22}},"loc":{"start":{"line":408,"column":68},"end":{"line":442,"column":1}},"line":408},"15":{"name":"(anonymous_15)","decl":{"start":{"line":450,"column":24},"end":{"line":450,"column":25}},"loc":{"start":{"line":450,"column":53},"end":{"line":499,"column":1}},"line":450},"16":{"name":"(anonymous_16)","decl":{"start":{"line":474,"column":31},"end":{"line":474,"column":32}},"loc":{"start":{"line":474,"column":48},"end":{"line":480,"column":11}},"line":474}},"branchMap":{"0":{"loc":{"start":{"line":15,"column":2},"end":{"line":17,"column":3}},"type":"if","locations":[{"start":{"line":15,"column":2},"end":{"line":17,"column":3}},{"start":{},"end":{}}],"line":15},"1":{"loc":{"start":{"line":51,"column":46},"end":{"line":51,"column":68}},"type":"default-arg","locations":[{"start":{"line":51,"column":61},"end":{"line":51,"column":68}}],"line":51},"2":{"loc":{"start":{"line":51,"column":70},"end":{"line":51,"column":92}},"type":"default-arg","locations":[{"start":{"line":51,"column":83},"end":{"line":51,"column":92}}],"line":51},"3":{"loc":{"start":{"line":53,"column":2},"end":{"line":55,"column":3}},"type":"if","locations":[{"start":{"line":53,"column":2},"end":{"line":55,"column":3}},{"start":{},"end":{}}],"line":53},"4":{"loc":{"start":{"line":64,"column":4},"end":{"line":66,"column":5}},"type":"if","locations":[{"start":{"line":64,"column":4},"end":{"line":66,"column":5}},{"start":{},"end":{}}],"line":64},"5":{"loc":{"start":{"line":64,"column":8},"end":{"line":64,"column":72}},"type":"binary-expr","locations":[{"start":{"line":64,"column":8},"end":{"line":64,"column":18}},{"start":{"line":64,"column":22},"end":{"line":64,"column":47}},{"start":{"line":64,"column":51},"end":{"line":64,"column":72}}],"line":64},"6":{"loc":{"start":{"line":103,"column":52},"end":{"line":103,"column":89}},"type":"binary-expr","locations":[{"start":{"line":103,"column":52},"end":{"line":103,"column":72}},{"start":{"line":103,"column":76},"end":{"line":103,"column":89}}],"line":103},"7":{"loc":{"start":{"line":120,"column":4},"end":{"line":122,"column":5}},"type":"if","locations":[{"start":{"line":120,"column":4},"end":{"line":122,"column":5}},{"start":{},"end":{}}],"line":120},"8":{"loc":{"start":{"line":127,"column":4},"end":{"line":129,"column":5}},"type":"if","locations":[{"start":{"line":127,"column":4},"end":{"line":129,"column":5}},{"start":{},"end":{}}],"line":127},"9":{"loc":{"start":{"line":131,"column":16},"end":{"line":131,"column":76}},"type":"binary-expr","locations":[{"start":{"line":131,"column":16},"end":{"line":131,"column":67}},{"start":{"line":131,"column":71},"end":{"line":131,"column":76}}],"line":131},"10":{"loc":{"start":{"line":131,"column":31},"end":{"line":131,"column":66}},"type":"binary-expr","locations":[{"start":{"line":131,"column":31},"end":{"line":131,"column":42}},{"start":{"line":131,"column":46},"end":{"line":131,"column":60}},{"start":{"line":131,"column":64},"end":{"line":131,"column":66}}],"line":131},"11":{"loc":{"start":{"line":149,"column":48},"end":{"line":149,"column":85}},"type":"binary-expr","locations":[{"start":{"line":149,"column":48},"end":{"line":149,"column":68}},{"start":{"line":149,"column":72},"end":{"line":149,"column":85}}],"line":149},"12":{"loc":{"start":{"line":168,"column":49},"end":{"line":168,"column":111}},"type":"binary-expr","locations":[{"start":{"line":168,"column":49},"end":{"line":168,"column":81}},{"start":{"line":168,"column":85},"end":{"line":168,"column":111}}],"line":168},"13":{"loc":{"start":{"line":170,"column":48},"end":{"line":170,"column":85}},"type":"binary-expr","locations":[{"start":{"line":170,"column":48},"end":{"line":170,"column":68}},{"start":{"line":170,"column":72},"end":{"line":170,"column":85}}],"line":170},"14":{"loc":{"start":{"line":184,"column":83},"end":{"line":184,"column":104}},"type":"default-arg","locations":[{"start":{"line":184,"column":100},"end":{"line":184,"column":104}}],"line":184},"15":{"loc":{"start":{"line":186,"column":2},"end":{"line":188,"column":3}},"type":"if","locations":[{"start":{"line":186,"column":2},"end":{"line":188,"column":3}},{"start":{},"end":{}}],"line":186},"16":{"loc":{"start":{"line":195,"column":4},"end":{"line":207,"column":5}},"type":"if","locations":[{"start":{"line":195,"column":4},"end":{"line":207,"column":5}},{"start":{"line":202,"column":11},"end":{"line":207,"column":5}}],"line":195},"17":{"loc":{"start":{"line":237,"column":57},"end":{"line":237,"column":94}},"type":"binary-expr","locations":[{"start":{"line":237,"column":57},"end":{"line":237,"column":77}},{"start":{"line":237,"column":81},"end":{"line":237,"column":94}}],"line":237},"18":{"loc":{"start":{"line":250,"column":2},"end":{"line":252,"column":3}},"type":"if","locations":[{"start":{"line":250,"column":2},"end":{"line":252,"column":3}},{"start":{},"end":{}}],"line":250},"19":{"loc":{"start":{"line":289,"column":60},"end":{"line":289,"column":97}},"type":"binary-expr","locations":[{"start":{"line":289,"column":60},"end":{"line":289,"column":80}},{"start":{"line":289,"column":84},"end":{"line":289,"column":97}}],"line":289},"20":{"loc":{"start":{"line":300,"column":39},"end":{"line":300,"column":51}},"type":"default-arg","locations":[{"start":{"line":300,"column":49},"end":{"line":300,"column":51}}],"line":300},"21":{"loc":{"start":{"line":302,"column":2},"end":{"line":304,"column":3}},"type":"if","locations":[{"start":{"line":302,"column":2},"end":{"line":304,"column":3}},{"start":{},"end":{}}],"line":302},"22":{"loc":{"start":{"line":330,"column":46},"end":{"line":330,"column":83}},"type":"binary-expr","locations":[{"start":{"line":330,"column":46},"end":{"line":330,"column":66}},{"start":{"line":330,"column":70},"end":{"line":330,"column":83}}],"line":330},"23":{"loc":{"start":{"line":360,"column":58},"end":{"line":360,"column":95}},"type":"binary-expr","locations":[{"start":{"line":360,"column":58},"end":{"line":360,"column":78}},{"start":{"line":360,"column":82},"end":{"line":360,"column":95}}],"line":360},"24":{"loc":{"start":{"line":396,"column":45},"end":{"line":396,"column":82}},"type":"binary-expr","locations":[{"start":{"line":396,"column":45},"end":{"line":396,"column":65}},{"start":{"line":396,"column":69},"end":{"line":396,"column":82}}],"line":396},"25":{"loc":{"start":{"line":408,"column":51},"end":{"line":408,"column":63}},"type":"default-arg","locations":[{"start":{"line":408,"column":61},"end":{"line":408,"column":63}}],"line":408},"26":{"loc":{"start":{"line":410,"column":2},"end":{"line":412,"column":3}},"type":"if","locations":[{"start":{"line":410,"column":2},"end":{"line":412,"column":3}},{"start":{},"end":{}}],"line":410},"27":{"loc":{"start":{"line":439,"column":49},"end":{"line":439,"column":86}},"type":"binary-expr","locations":[{"start":{"line":439,"column":49},"end":{"line":439,"column":69}},{"start":{"line":439,"column":73},"end":{"line":439,"column":86}}],"line":439},"28":{"loc":{"start":{"line":452,"column":2},"end":{"line":454,"column":3}},"type":"if","locations":[{"start":{"line":452,"column":2},"end":{"line":454,"column":3}},{"start":{},"end":{}}],"line":452},"29":{"loc":{"start":{"line":457,"column":2},"end":{"line":459,"column":3}},"type":"if","locations":[{"start":{"line":457,"column":2},"end":{"line":459,"column":3}},{"start":{},"end":{}}],"line":457},"30":{"loc":{"start":{"line":477,"column":18},"end":{"line":477,"column":42}},"type":"binary-expr","locations":[{"start":{"line":477,"column":18},"end":{"line":477,"column":24}},{"start":{"line":477,"column":28},"end":{"line":477,"column":42}}],"line":477},"31":{"loc":{"start":{"line":496,"column":47},"end":{"line":496,"column":84}},"type":"binary-expr","locations":[{"start":{"line":496,"column":47},"end":{"line":496,"column":67}},{"start":{"line":496,"column":71},"end":{"line":496,"column":84}}],"line":496}},"s":{"0":0,"1":0,"2":0,"3":0,"4":0,"5":0,"6":0,"7":0,"8":0,"9":0,"10":0,"11":0,"12":0,"13":0,"14":0,"15":0,"16":0,"17":0,"18":0,"19":0,"20":0,"21":0,"22":0,"23":0,"24":0,"25":0,"26":0,"27":0,"28":0,"29":0,"30":0,"31":0,"32":0,"33":0,"34":0,"35":0,"36":0,"37":0,"38":0,"39":0,"40":0,"41":0,"42":0,"43":0,"44":0,"45":0,"46":0,"47":0,"48":0,"49":0,"50":0,"51":0,"52":0,"53":0,"54":0,"55":0,"56":0,"57":0,"58":0,"59":0,"60":0,"61":0,"62":0,"63":0,"64":0,"65":0,"66":0,"67":0,"68":0,"69":0,"70":0,"71":0,"72":0,"73":0,"74":0,"75":0,"76":0,"77":0,"78":0,"79":0,"80":0,"81":0,"82":0,"83":0,"84":0,"85":0,"86":0,"87":0,"88":0,"89":0,"90":0,"91":0,"92":0,"93":0,"94":0,"95":0,"96":0,"97":0,"98":0,"99":0,"100":0,"101":0,"102":0,"103":0,"104":0,"105":0,"106":0,"107":0,"108":0,"109":0,"110":0,"111":0,"112":0,"113":0,"114":0,"115":0,"116":0,"117":0,"118":0,"119":0,"120":0,"121":0,"122":0,"123":0,"124":0,"125":0,"126":0,"127":0,"128":0,"129":0,"130":0,"131":0,"132":0,"133":0,"134":0,"135":0,"136":0,"137":0,"138":0,"139":0,"140":0,"141":0,"142":0,"143":0,"144":0,"145":0,"146":0,"147":0,"148":0,"149":0,"150":0,"151":0,"152":0,"153":0,"154":0,"155":0,"156":0,"157":0},"f":{"0":0,"1":0,"2":0,"3":0,"4":0,"5":0,"6":0,"7":0,"8":0,"9":0,"10":0,"11":0,"12":0,"13":0,"14":0,"15":0,"16":0},"b":{"0":[0,0],"1":[0],"2":[0],"3":[0,0],"4":[0,0],"5":[0,0,0],"6":[0,0],"7":[0,0],"8":[0,0],"9":[0,0],"10":[0,0,0],"11":[0,0],"12":[0,0],"13":[0,0],"14":[0],"15":[0,0],"16":[0,0],"17":[0,0],"18":[0,0],"19":[0,0],"20":[0],"21":[0,0],"22":[0,0],"23":[0,0],"24":[0,0],"25":[0],"26":[0,0],"27":[0,0],"28":[0,0],"29":[0,0],"30":[0,0],"31":[0,0]}}
,"C:\\Users\\lauti\\bot-irrigacion\\src\\validators\\messageValidators.js": {"path":"C:\\Users\\lauti\\bot-irrigacion\\src\\validators\\messageValidators.js","statementMap":{"0":{"start":{"line":1,"column":12},"end":{"line":1,"column":26}},"1":{"start":{"line":6,"column":26},"end":{"line":26,"column":2}},"2":{"start":{"line":31,"column":25},"end":{"line":102,"column":2}},"3":{"start":{"line":107,"column":25},"end":{"line":115,"column":2}},"4":{"start":{"line":120,"column":20},"end":{"line":128,"column":2}},"5":{"start":{"line":133,"column":17},"end":{"line":157,"column":1}},"6":{"start":{"line":134,"column":2},"end":{"line":156,"column":4}},"7":{"start":{"line":135,"column":29},"end":{"line":138,"column":6}},"8":{"start":{"line":140,"column":4},"end":{"line":151,"column":5}},"9":{"start":{"line":141,"column":21},"end":{"line":144,"column":9}},"10":{"start":{"line":141,"column":50},"end":{"line":144,"column":7}},"11":{"start":{"line":146,"column":6},"end":{"line":150,"column":9}},"12":{"start":{"line":154,"column":4},"end":{"line":154,"column":26}},"13":{"start":{"line":155,"column":4},"end":{"line":155,"column":11}},"14":{"start":{"line":159,"column":0},"end":{"line":165,"column":2}}},"fnMap":{"0":{"name":"(anonymous_0)","decl":{"start":{"line":133,"column":17},"end":{"line":133,"column":18}},"loc":{"start":{"line":133,"column":48},"end":{"line":157,"column":1}},"line":133},"1":{"name":"(anonymous_1)","decl":{"start":{"line":134,"column":9},"end":{"line":134,"column":10}},"loc":{"start":{"line":134,"column":29},"end":{"line":156,"column":3}},"line":134},"2":{"name":"(anonymous_2)","decl":{"start":{"line":141,"column":39},"end":{"line":141,"column":40}},"loc":{"start":{"line":141,"column":50},"end":{"line":144,"column":7}},"line":141}},"branchMap":{"0":{"loc":{"start":{"line":133,"column":26},"end":{"line":133,"column":43}},"type":"default-arg","locations":[{"start":{"line":133,"column":37},"end":{"line":133,"column":43}}],"line":133},"1":{"loc":{"start":{"line":140,"column":4},"end":{"line":151,"column":5}},"type":"if","locations":[{"start":{"line":140,"column":4},"end":{"line":151,"column":5}},{"start":{},"end":{}}],"line":140}},"s":{"0":1,"1":1,"2":1,"3":1,"4":1,"5":1,"6":3,"7":3,"8":3,"9":1,"10":2,"11":1,"12":2,"13":2,"14":1},"f":{"0":3,"1":3,"2":2},"b":{"0":[0],"1":[1,2]},"_coverageSchema":"1a1c01bbd47fc00a2c39e90264f33305004495a9","hash":"b7e4e81a1baabad6e501c49c77a1a70e62dee90a"}
}
