TN:
SF:src\config\db.js
FN:12,(anonymous_0)
FN:141,(anonymous_1)
FNF:2
FNH:0
FNDA:0,(anonymous_0)
FNDA:0,(anonymous_1)
DA:1,0
DA:2,0
DA:5,0
DA:7,0
DA:12,0
DA:13,0
DA:16,0
DA:23,0
DA:24,0
DA:27,0
DA:38,0
DA:54,0
DA:55,0
DA:59,0
DA:62,0
DA:63,0
DA:68,0
DA:77,0
DA:91,0
DA:103,0
DA:117,0
DA:135,0
DA:137,0
DA:138,0
DA:141,0
DA:142,0
DA:143,0
DA:147,0
LF:28
LH:0
BRDA:5,0,0,0
BRDA:5,0,1,0
BRDA:13,1,0,0
BRDA:13,1,1,0
BRDA:17,2,0,0
BRDA:17,2,1,0
BRDA:18,3,0,0
BRDA:18,3,1,0
BRDA:19,4,0,0
BRDA:19,4,1,0
BRDA:28,5,0,0
BRDA:28,5,1,0
BRDA:29,6,0,0
BRDA:29,6,1,0
BRDA:30,7,0,0
BRDA:30,7,1,0
BRDA:62,8,0,0
BRDA:62,8,1,0
BRDA:142,9,0,0
BRDA:142,9,1,0
BRF:20
BRH:0
end_of_record
TN:
SF:src\config\swaggerConfig.js
FNF:0
FNH:0
DA:6,0
DA:8,0
DA:115,0
DA:117,0
LF:4
LH:0
BRF:0
BRH:0
end_of_record
TN:
SF:src\controllers\apiController.js
FN:12,(anonymous_0)
FN:33,(anonymous_1)
FN:58,(anonymous_2)
FN:86,(anonymous_3)
FN:115,(anonymous_4)
FN:164,(anonymous_5)
FN:191,(anonymous_6)
FN:197,(anonymous_7)
FN:198,(anonymous_8)
FN:218,(anonymous_9)
FN:257,(anonymous_10)
FNF:11
FNH:0
FNDA:0,(anonymous_0)
FNDA:0,(anonymous_1)
FNDA:0,(anonymous_2)
FNDA:0,(anonymous_3)
FNDA:0,(anonymous_4)
FNDA:0,(anonymous_5)
FNDA:0,(anonymous_6)
FNDA:0,(anonymous_7)
FNDA:0,(anonymous_8)
FNDA:0,(anonymous_9)
FNDA:0,(anonymous_10)
DA:1,0
DA:2,0
DA:3,0
DA:4,0
DA:5,0
DA:6,0
DA:7,0
DA:12,0
DA:13,0
DA:14,0
DA:16,0
DA:22,0
DA:23,0
DA:33,0
DA:34,0
DA:35,0
DA:36,0
DA:37,0
DA:40,0
DA:41,0
DA:42,0
DA:45,0
DA:46,0
DA:47,0
DA:48,0
DA:50,0
DA:51,0
DA:58,0
DA:59,0
DA:60,0
DA:61,0
DA:62,0
DA:64,0
DA:66,0
DA:75,0
DA:76,0
DA:86,0
DA:87,0
DA:88,0
DA:89,0
DA:92,0
DA:93,0
DA:95,0
DA:98,0
DA:100,0
DA:107,0
DA:108,0
DA:115,0
DA:116,0
DA:117,0
DA:119,0
DA:120,0
DA:127,0
DA:130,0
DA:139,0
DA:140,0
DA:147,0
DA:153,0
DA:154,0
DA:164,0
DA:165,0
DA:166,0
DA:168,0
DA:171,0
DA:172,0
DA:175,0
DA:180,0
DA:181,0
DA:191,0
DA:192,0
DA:193,0
DA:195,0
DA:197,0
DA:198,0
DA:202,0
DA:207,0
DA:208,0
DA:218,0
DA:219,0
DA:220,0
DA:222,0
DA:223,0
DA:230,0
DA:233,0
DA:234,0
DA:240,0
DA:246,0
DA:247,0
DA:257,0
DA:258,0
DA:259,0
DA:260,0
DA:262,0
DA:263,0
DA:270,0
DA:273,0
DA:274,0
DA:277,0
DA:286,0
DA:287,0
DA:293,0
DA:300,0
DA:301,0
DA:308,0
LF:104
LH:0
BRDA:36,0,0,0
BRDA:36,0,1,0
BRDA:41,1,0,0
BRDA:41,1,1,0
BRDA:46,2,0,0
BRDA:46,2,1,0
BRDA:46,2,2,0
BRDA:61,3,0,0
BRDA:61,3,1,0
BRDA:62,4,0,0
BRDA:62,4,1,0
BRDA:88,5,0,0
BRDA:88,5,1,0
BRDA:117,6,0,0
BRDA:119,7,0,0
BRDA:119,7,1,0
BRDA:119,8,0,0
BRDA:119,8,1,0
BRDA:139,9,0,0
BRDA:139,9,1,0
BRDA:171,10,0,0
BRDA:171,10,1,0
BRDA:222,11,0,0
BRDA:222,11,1,0
BRDA:233,12,0,0
BRDA:233,12,1,0
BRDA:262,13,0,0
BRDA:262,13,1,0
BRDA:273,14,0,0
BRDA:273,14,1,0
BRDA:286,15,0,0
BRDA:286,15,1,0
BRDA:297,16,0,0
BRDA:297,16,1,0
BRF:34
BRH:0
end_of_record
TN:
SF:src\controllers\authController.js
FN:11,(anonymous_0)
FNF:1
FNH:0
FNDA:0,(anonymous_0)
DA:1,0
DA:2,0
DA:3,0
DA:5,0
DA:6,0
DA:11,0
DA:12,0
DA:13,0
DA:15,0
DA:16,0
DA:22,0
DA:23,0
DA:28,0
DA:29,0
DA:35,0
DA:36,0
DA:38,0
DA:39,0
DA:46,0
DA:57,0
DA:67,0
DA:68,0
DA:75,0
LF:23
LH:0
BRDA:5,0,0,0
BRDA:5,0,1,0
BRDA:15,1,0,0
BRDA:15,1,1,0
BRDA:15,2,0,0
BRDA:15,2,1,0
BRDA:28,3,0,0
BRDA:28,3,1,0
BRDA:38,4,0,0
BRDA:38,4,1,0
BRF:10
BRH:0
end_of_record
TN:
SF:src\controllers\chatController.js
FN:9,(anonymous_0)
FN:69,(anonymous_1)
FNF:2
FNH:0
FNDA:0,(anonymous_0)
FNDA:0,(anonymous_1)
DA:1,0
DA:2,0
DA:3,0
DA:9,0
DA:10,0
DA:11,0
DA:12,0
DA:15,0
DA:24,0
DA:25,0
DA:34,0
DA:35,0
DA:36,0
DA:37,0
DA:38,0
DA:39,0
DA:40,0
DA:42,0
DA:56,0
DA:57,0
DA:69,0
DA:70,0
DA:71,0
DA:76,0
DA:79,0
DA:87,0
DA:95,0
DA:101,0
DA:102,0
DA:103,0
DA:111,0
LF:31
LH:0
BRDA:24,0,0,0
BRDA:24,0,1,0
BRDA:40,1,0,0
BRDA:40,1,1,0
BRDA:51,2,0,0
BRDA:51,2,1,0
BRDA:73,3,0,0
BRDA:74,4,0,0
BRDA:74,5,0,0
BRDA:74,5,1,0
BRDA:76,6,0,0
BRDA:76,6,1,0
BRDA:101,7,0,0
BRDA:101,7,1,0
BRDA:106,8,0,0
BRDA:106,8,1,0
BRF:16
BRH:0
end_of_record
TN:
SF:src\controllers\webhookController.js
FN:16,(anonymous_0)
FN:37,(anonymous_1)
FN:64,(anonymous_2)
FN:124,(anonymous_3)
FN:159,(anonymous_4)
FN:211,(anonymous_5)
FN:268,(anonymous_6)
FN:291,(anonymous_7)
FN:349,(anonymous_8)
FN:465,(anonymous_9)
FN:524,(anonymous_10)
FN:550,(anonymous_11)
FN:644,(anonymous_12)
FN:681,(anonymous_13)
FN:715,(anonymous_14)
FN:782,(anonymous_15)
FN:847,(anonymous_16)
FNF:17
FNH:0
FNDA:0,(anonymous_0)
FNDA:0,(anonymous_1)
FNDA:0,(anonymous_2)
FNDA:0,(anonymous_3)
FNDA:0,(anonymous_4)
FNDA:0,(anonymous_5)
FNDA:0,(anonymous_6)
FNDA:0,(anonymous_7)
FNDA:0,(anonymous_8)
FNDA:0,(anonymous_9)
FNDA:0,(anonymous_10)
FNDA:0,(anonymous_11)
FNDA:0,(anonymous_12)
FNDA:0,(anonymous_13)
FNDA:0,(anonymous_14)
FNDA:0,(anonymous_15)
FNDA:0,(anonymous_16)
DA:1,0
DA:2,0
DA:3,0
DA:4,0
DA:7,0
DA:10,0
DA:16,0
DA:17,0
DA:18,0
DA:19,0
DA:21,0
DA:24,0
DA:25,0
DA:26,0
DA:28,0
DA:29,0
DA:37,0
DA:38,0
DA:39,0
DA:41,0
DA:44,0
DA:45,0
DA:51,0
DA:52,0
DA:55,0
DA:56,0
DA:57,0
DA:61,0
DA:64,0
DA:65,0
DA:66,0
DA:69,0
DA:74,0
DA:75,0
DA:76,0
DA:78,0
DA:79,0
DA:80,0
DA:81,0
DA:83,0
DA:84,0
DA:85,0
DA:86,0
DA:87,0
DA:90,0
DA:94,0
DA:95,0
DA:96,0
DA:98,0
DA:99,0
DA:100,0
DA:102,0
DA:103,0
DA:104,0
DA:105,0
DA:107,0
DA:108,0
DA:109,0
DA:110,0
DA:111,0
DA:112,0
DA:113,0
DA:114,0
DA:115,0
DA:116,0
DA:117,0
DA:118,0
DA:121,0
DA:124,0
DA:125,0
DA:126,0
DA:127,0
DA:128,0
DA:129,0
DA:131,0
DA:135,0
DA:143,0
DA:148,0
DA:149,0
DA:159,0
DA:160,0
DA:166,0
DA:168,0
DA:169,0
DA:172,0
DA:173,0
DA:181,0
DA:185,0
DA:186,0
DA:190,0
DA:196,0
DA:198,0
DA:199,0
DA:202,0
DA:204,0
DA:211,0
DA:212,0
DA:214,0
DA:221,0
DA:222,0
DA:223,0
DA:227,0
DA:228,0
DA:229,0
DA:230,0
DA:231,0
DA:232,0
DA:235,0
DA:239,0
DA:240,0
DA:241,0
DA:242,0
DA:245,0
DA:246,0
DA:249,0
DA:250,0
DA:253,0
DA:254,0
DA:257,0
DA:258,0
DA:268,0
DA:269,0
DA:271,0
DA:273,0
DA:280,0
DA:281,0
DA:284,0
DA:285,0
DA:291,0
DA:292,0
DA:307,0
DA:316,0
DA:325,0
DA:333,0
DA:334,0
DA:343,0
DA:349,0
DA:350,0
DA:354,0
DA:364,0
DA:366,0
DA:367,0
DA:368,0
DA:373,0
DA:383,0
DA:385,0
DA:386,0
DA:387,0
DA:393,0
DA:394,0
DA:397,0
DA:405,0
DA:406,0
DA:407,0
DA:408,0
DA:412,0
DA:421,0
DA:422,0
DA:423,0
DA:424,0
DA:428,0
DA:432,0
DA:433,0
DA:434,0
DA:435,0
DA:441,0
DA:444,0
DA:445,0
DA:446,0
DA:447,0
DA:449,0
DA:450,0
DA:455,0
DA:456,0
DA:457,0
DA:458,0
DA:465,0
DA:467,0
DA:468,0
DA:471,0
DA:472,0
DA:476,0
DA:478,0
DA:482,0
DA:483,0
DA:485,0
DA:487,0
DA:491,0
DA:493,0
DA:497,0
DA:498,0
DA:500,0
DA:515,0
DA:521,0
DA:524,0
DA:525,0
DA:529,0
DA:536,0
DA:537,0
DA:539,0
DA:540,0
DA:550,0
DA:551,0
DA:552,0
DA:554,0
DA:557,0
DA:566,0
DA:567,0
DA:568,0
DA:572,0
DA:585,0
DA:586,0
DA:587,0
DA:591,0
DA:604,0
DA:605,0
DA:606,0
DA:609,0
DA:615,0
DA:616,0
DA:617,0
DA:621,0
DA:627,0
DA:628,0
DA:629,0
DA:630,0
DA:634,0
DA:635,0
DA:636,0
DA:637,0
DA:644,0
DA:645,0
DA:647,0
DA:649,0
DA:651,0
DA:652,0
DA:655,0
DA:659,0
DA:665,0
DA:666,0
DA:667,0
DA:671,0
DA:672,0
DA:673,0
DA:674,0
DA:681,0
DA:682,0
DA:684,0
DA:686,0
DA:687,0
DA:688,0
DA:689,0
DA:693,0
DA:695,0
DA:696,0
DA:699,0
DA:702,0
DA:705,0
DA:706,0
DA:707,0
DA:708,0
DA:715,0
DA:716,0
DA:717,0
DA:720,0
DA:722,0
DA:723,0
DA:724,0
DA:725,0
DA:726,0
DA:730,0
DA:731,0
DA:732,0
DA:735,0
DA:737,0
DA:738,0
DA:742,0
DA:743,0
DA:746,0
DA:749,0
DA:750,0
DA:753,0
DA:760,0
DA:763,0
DA:764,0
DA:765,0
DA:767,0
DA:768,0
DA:769,0
DA:772,0
DA:773,0
DA:774,0
DA:775,0
DA:782,0
DA:783,0
DA:785,0
DA:787,0
DA:789,0
DA:790,0
DA:791,0
DA:792,0
DA:798,0
DA:800,0
DA:809,0
DA:812,0
DA:813,0
DA:814,0
DA:820,0
DA:825,0
DA:831,0
DA:834,0
DA:835,0
DA:836,0
DA:837,0
DA:847,0
DA:848,0
DA:850,0
DA:853,0
DA:862,0
DA:863,0
DA:872,0
DA:873,0
DA:875,0
DA:876,0
DA:880,0
LF:325
LH:0
BRDA:24,0,0,0
BRDA:24,0,1,0
BRDA:24,1,0,0
BRDA:24,1,1,0
BRDA:44,2,0,0
BRDA:44,2,1,0
BRDA:45,3,0,0
BRDA:45,3,1,0
BRDA:46,4,0,0
BRDA:46,4,1,0
BRDA:46,4,2,0
BRDA:46,4,3,0
BRDA:55,5,0,0
BRDA:55,5,1,0
BRDA:74,6,0,0
BRDA:74,6,1,0
BRDA:75,7,0,0
BRDA:75,7,1,0
BRDA:76,8,0,0
BRDA:76,8,1,0
BRDA:83,9,0,0
BRDA:83,9,1,0
BRDA:95,10,0,0
BRDA:95,10,1,0
BRDA:98,11,0,0
BRDA:98,11,1,0
BRDA:99,12,0,0
BRDA:99,12,1,0
BRDA:100,13,0,0
BRDA:100,13,1,0
BRDA:102,14,0,0
BRDA:102,14,1,0
BRDA:104,15,0,0
BRDA:104,15,1,0
BRDA:107,16,0,0
BRDA:107,16,1,0
BRDA:108,17,0,0
BRDA:108,17,1,0
BRDA:111,18,0,0
BRDA:111,18,1,0
BRDA:115,19,0,0
BRDA:115,19,1,0
BRDA:116,20,0,0
BRDA:116,20,1,0
BRDA:127,21,0,0
BRDA:127,21,1,0
BRDA:127,22,0,0
BRDA:127,22,1,0
BRDA:127,22,2,0
BRDA:148,23,0,0
BRDA:148,23,1,0
BRDA:168,24,0,0
BRDA:168,24,1,0
BRDA:172,25,0,0
BRDA:172,25,1,0
BRDA:185,26,0,0
BRDA:185,26,1,0
BRDA:186,27,0,0
BRDA:186,27,1,0
BRDA:221,28,0,0
BRDA:221,28,1,0
BRDA:227,29,0,0
BRDA:227,29,1,0
BRDA:235,30,0,0
BRDA:235,30,1,0
BRDA:235,30,2,0
BRDA:235,30,3,0
BRDA:235,30,4,0
BRDA:235,30,5,0
BRDA:268,31,0,0
BRDA:268,32,0,0
BRDA:271,33,0,0
BRDA:271,33,1,0
BRDA:280,34,0,0
BRDA:280,34,1,0
BRDA:333,35,0,0
BRDA:333,35,1,0
BRDA:350,36,0,0
BRDA:350,36,1,0
BRDA:350,36,2,0
BRDA:350,36,3,0
BRDA:350,36,4,0
BRDA:350,36,5,0
BRDA:350,36,6,0
BRDA:350,36,7,0
BRDA:350,36,8,0
BRDA:350,36,9,0
BRDA:350,36,10,0
BRDA:350,36,11,0
BRDA:350,36,12,0
BRDA:350,36,13,0
BRDA:350,36,14,0
BRDA:350,36,15,0
BRDA:446,37,0,0
BRDA:446,37,1,0
BRDA:468,38,0,0
BRDA:468,38,1,0
BRDA:471,39,0,0
BRDA:471,39,1,0
BRDA:485,40,0,0
BRDA:485,40,1,0
BRDA:554,41,0,0
BRDA:554,41,1,0
BRDA:554,41,2,0
BRDA:554,41,3,0
BRDA:554,41,4,0
BRDA:554,41,5,0
BRDA:554,41,6,0
BRDA:554,41,7,0
BRDA:554,41,8,0
BRDA:554,41,9,0
BRDA:564,42,0,0
BRDA:564,42,1,0
BRDA:577,43,0,0
BRDA:577,43,1,0
BRDA:583,44,0,0
BRDA:583,44,1,0
BRDA:649,45,0,0
BRDA:649,45,1,0
BRDA:686,46,0,0
BRDA:686,46,1,0
BRDA:686,47,0,0
BRDA:686,47,1,0
BRDA:686,47,2,0
BRDA:722,48,0,0
BRDA:722,48,1,0
BRDA:730,49,0,0
BRDA:730,49,1,0
BRDA:750,50,0,0
BRDA:750,50,1,0
BRDA:787,51,0,0
BRDA:787,51,1,0
BRDA:789,52,0,0
BRDA:789,52,1,0
BRDA:812,53,0,0
BRDA:812,53,1,0
BRDA:847,54,0,0
BRDA:862,55,0,0
BRDA:862,55,1,0
BRF:139
BRH:0
end_of_record
TN:
SF:src\middleware\authMiddleware.js
FN:9,(anonymous_0)
FNF:1
FNH:0
FNDA:0,(anonymous_0)
DA:1,0
DA:3,0
DA:9,0
DA:10,0
DA:11,0
DA:13,0
DA:14,0
DA:20,0
DA:21,0
DA:24,0
DA:25,0
DA:27,0
DA:28,0
DA:34,0
DA:35,0
DA:42,0
LF:16
LH:0
BRDA:3,0,0,0
BRDA:3,0,1,0
BRDA:13,1,0,0
BRDA:13,1,1,0
BRDA:13,2,0,0
BRDA:13,2,1,0
BRDA:27,3,0,0
BRDA:27,3,1,0
BRF:8
BRH:0
end_of_record
TN:
SF:src\middleware\uploadMiddleware.js
FN:14,(anonymous_0)
FN:17,(anonymous_1)
FN:25,(anonymous_2)
FNF:3
FNH:0
FNDA:0,(anonymous_0)
FNDA:0,(anonymous_1)
FNDA:0,(anonymous_2)
DA:1,0
DA:2,0
DA:3,0
DA:4,0
DA:7,0
DA:8,0
DA:9,0
DA:13,0
DA:15,0
DA:18,0
DA:19,0
DA:20,0
DA:25,0
DA:26,0
DA:27,0
DA:28,0
DA:30,0
DA:33,0
DA:41,0
LF:19
LH:0
BRDA:8,0,0,0
BRDA:8,0,1,0
BRDA:18,1,0,0
BRDA:18,1,1,0
BRDA:18,1,2,0
BRDA:27,2,0,0
BRDA:27,2,1,0
BRF:7
BRH:0
end_of_record
TN:
SF:src\middlewares\authMiddleware.js
FN:8,(anonymous_0)
FN:43,(anonymous_1)
FN:44,(anonymous_2)
FNF:3
FNH:0
FNDA:0,(anonymous_0)
FNDA:0,(anonymous_1)
FNDA:0,(anonymous_2)
DA:1,0
DA:2,0
DA:8,0
DA:9,0
DA:10,0
DA:12,0
DA:13,0
DA:20,0
DA:21,0
DA:26,0
DA:28,0
DA:30,0
DA:43,0
DA:44,0
DA:45,0
DA:46,0
DA:47,0
DA:53,0
DA:54,0
DA:56,0
DA:64,0
DA:66,0
DA:75,0
LF:23
LH:0
BRDA:12,0,0,0
BRDA:12,0,1,0
BRDA:20,1,0,0
BRDA:20,1,1,0
BRDA:46,2,0,0
BRDA:46,2,1,0
BRDA:53,3,0,0
BRDA:53,3,1,0
BRF:8
BRH:0
end_of_record
TN:
SF:src\middlewares\ipMiddleware.js
FN:5,(anonymous_0)
FN:18,(anonymous_1)
FNF:2
FNH:0
FNDA:0,(anonymous_0)
FNDA:0,(anonymous_1)
DA:5,0
DA:6,0
DA:18,0
DA:19,0
DA:20,0
DA:23,0
LF:6
LH:0
BRDA:7,0,0,0
BRDA:7,0,1,0
BRDA:7,0,2,0
BRDA:7,0,3,0
BRDA:7,0,4,0
BRF:5
BRH:0
end_of_record
TN:
SF:src\middlewares\rateLimiters.js
FN:31,(anonymous_0)
FN:39,(anonymous_1)
FNF:2
FNH:0
FNDA:0,(anonymous_0)
FNDA:0,(anonymous_1)
DA:1,0
DA:6,0
DA:16,0
DA:28,0
DA:33,0
DA:40,0
DA:41,0
DA:48,0
LF:8
LH:0
BRDA:33,0,0,0
BRDA:33,0,1,0
BRDA:40,1,0,0
BRDA:40,1,1,0
BRF:4
BRH:0
end_of_record
TN:
SF:src\middlewares\requestLoggerMiddleware.js
FN:8,(anonymous_0)
FN:13,(anonymous_1)
FNF:2
FNH:0
FNDA:0,(anonymous_0)
FNDA:0,(anonymous_1)
DA:1,0
DA:8,0
DA:9,0
DA:12,0
DA:13,0
DA:14,0
DA:17,0
DA:19,0
DA:20,0
DA:30,0
DA:33,0
DA:36,0
LF:12
LH:0
BRDA:17,0,0,0
BRDA:17,0,1,0
BRDA:17,1,0,0
BRDA:17,1,1,0
BRDA:19,2,0,0
BRDA:19,2,1,0
BRDA:19,3,0,0
BRDA:19,3,1,0
BRDA:20,4,0,0
BRDA:20,4,1,0
BRDA:25,5,0,0
BRDA:25,5,1,0
BRDA:25,5,2,0
BRF:13
BRH:0
end_of_record
TN:
SF:src\middlewares\webhookSignatureMiddleware.js
FN:10,verifyWebhookSignature
FN:43,verifyMetaWebhook
FNF:2
FNH:0
FNDA:0,verifyWebhookSignature
FNDA:0,verifyMetaWebhook
DA:1,0
DA:11,0
DA:12,0
DA:16,0
DA:18,0
DA:19,0
DA:23,0
DA:29,0
DA:30,0
DA:36,0
DA:45,0
DA:46,0
DA:49,0
DA:50,0
DA:52,0
DA:53,0
DA:54,0
DA:58,0
DA:60,0
DA:62,0
DA:63,0
DA:64,0
DA:70,0
DA:71,0
DA:74,0
LF:25
LH:0
BRDA:11,0,0,0
BRDA:11,0,1,0
BRDA:11,1,0,0
BRDA:11,1,1,0
BRDA:18,2,0,0
BRDA:18,2,1,0
BRDA:18,3,0,0
BRDA:18,3,1,0
BRDA:45,4,0,0
BRDA:45,4,1,0
BRDA:50,5,0,0
BRDA:50,5,1,0
BRDA:52,6,0,0
BRDA:52,6,1,0
BRDA:58,7,0,0
BRDA:58,7,1,0
BRDA:62,8,0,0
BRDA:62,8,1,0
BRF:18
BRH:0
end_of_record
TN:
SF:src\routes\apiRoutes.js
FNF:0
FNH:0
DA:1,0
DA:2,0
DA:3,0
DA:4,0
DA:5,0
DA:6,0
DA:7,0
DA:8,0
DA:9,0
DA:49,0
DA:76,0
DA:109,0
DA:142,0
DA:163,0
DA:189,0
DA:209,0
DA:229,0
DA:232,0
DA:235,0
DA:260,0
DA:281,0
DA:283,0
LF:22
LH:0
BRF:0
BRH:0
end_of_record
TN:
SF:src\routes\auditRoutes.js
FN:73,(anonymous_0)
FN:143,(anonymous_1)
FN:177,(anonymous_2)
FN:203,(anonymous_3)
FNF:4
FNH:0
FNDA:0,(anonymous_0)
FNDA:0,(anonymous_1)
FNDA:0,(anonymous_2)
FNDA:0,(anonymous_3)
DA:1,0
DA:2,0
DA:3,0
DA:9,0
DA:73,0
DA:74,0
DA:75,0
DA:77,0
DA:78,0
DA:79,0
DA:80,0
DA:81,0
DA:82,0
DA:83,0
DA:85,0
DA:87,0
DA:93,0
DA:94,0
DA:143,0
DA:144,0
DA:145,0
DA:147,0
DA:148,0
DA:154,0
DA:156,0
DA:164,0
DA:165,0
DA:177,0
DA:178,0
DA:179,0
DA:180,0
DA:182,0
DA:184,0
DA:189,0
DA:190,0
DA:203,0
DA:204,0
DA:206,0
DA:207,0
DA:213,0
DA:214,0
DA:216,0
DA:218,0
DA:219,0
DA:226,0
LF:45
LH:0
BRDA:78,0,0,0
BRDA:78,0,1,0
BRDA:79,1,0,0
BRDA:79,1,1,0
BRDA:80,2,0,0
BRDA:80,2,1,0
BRDA:81,3,0,0
BRDA:81,3,1,0
BRDA:82,4,0,0
BRDA:82,4,1,0
BRDA:83,5,0,0
BRDA:83,5,1,0
BRDA:147,6,0,0
BRDA:147,6,1,0
BRDA:147,7,0,0
BRDA:147,7,1,0
BRDA:182,8,0,0
BRDA:182,8,1,0
BRDA:206,9,0,0
BRDA:206,9,1,0
BRDA:213,10,0,0
BRDA:213,10,1,0
BRDA:214,11,0,0
BRDA:214,11,1,0
BRF:24
BRH:0
end_of_record
TN:
SF:src\routes\backupRoutes.js
FN:33,(anonymous_0)
FN:39,(anonymous_1)
FN:76,(anonymous_2)
FN:85,(anonymous_3)
FN:129,(anonymous_4)
FNF:5
FNH:0
FNDA:0,(anonymous_0)
FNDA:0,(anonymous_1)
FNDA:0,(anonymous_2)
FNDA:0,(anonymous_3)
FNDA:0,(anonymous_4)
DA:1,0
DA:2,0
DA:3,0
DA:4,0
DA:33,0
DA:34,0
DA:35,0
DA:37,0
DA:39,0
DA:44,0
DA:45,0
DA:76,0
DA:77,0
DA:78,0
DA:85,0
DA:86,0
DA:87,0
DA:89,0
DA:93,0
DA:94,0
DA:129,0
DA:130,0
DA:131,0
DA:134,0
DA:135,0
DA:141,0
DA:143,0
DA:144,0
DA:145,0
DA:147,0
DA:148,0
DA:155,0
LF:32
LH:0
BRDA:86,0,0,0
BRDA:86,0,1,0
BRDA:134,1,0,0
BRDA:134,1,1,0
BRDA:134,2,0,0
BRDA:134,2,1,0
BRF:6
BRH:0
end_of_record
TN:
SF:src\routes\cacheTestRoutes.js
FN:33,(anonymous_0)
FN:75,(anonymous_1)
FN:127,(anonymous_2)
FNF:3
FNH:0
FNDA:0,(anonymous_0)
FNDA:0,(anonymous_1)
FNDA:0,(anonymous_2)
DA:1,0
DA:2,0
DA:3,0
DA:4,0
DA:5,0
DA:33,0
DA:34,0
DA:35,0
DA:37,0
DA:38,0
DA:40,0
DA:47,0
DA:48,0
DA:75,0
DA:76,0
DA:77,0
DA:79,0
DA:80,0
DA:81,0
DA:87,0
DA:89,0
DA:95,0
DA:96,0
DA:127,0
DA:128,0
DA:129,0
DA:131,0
DA:132,0
DA:138,0
DA:143,0
DA:149,0
DA:150,0
DA:157,0
LF:33
LH:0
BRDA:37,0,0,0
BRDA:37,0,1,0
BRDA:80,1,0,0
BRDA:80,1,1,0
BRDA:131,2,0,0
BRDA:131,2,1,0
BRDA:140,3,0,0
BRDA:140,3,1,0
BRF:8
BRH:0
end_of_record
TN:
SF:src\routes\healthRoutes.js
FN:26,(anonymous_0)
FN:57,(anonymous_1)
FN:96,(anonymous_2)
FN:118,(anonymous_3)
FN:140,(anonymous_4)
FN:162,(anonymous_5)
FNF:6
FNH:0
FNDA:0,(anonymous_0)
FNDA:0,(anonymous_1)
FNDA:0,(anonymous_2)
FNDA:0,(anonymous_3)
FNDA:0,(anonymous_4)
FNDA:0,(anonymous_5)
DA:1,0
DA:2,0
DA:3,0
DA:4,0
DA:26,0
DA:27,0
DA:28,0
DA:31,0
DA:33,0
DA:35,0
DA:36,0
DA:57,0
DA:58,0
DA:59,0
DA:62,0
DA:80,0
DA:81,0
DA:83,0
DA:84,0
DA:96,0
DA:97,0
DA:98,0
DA:99,0
DA:101,0
DA:106,0
DA:118,0
DA:119,0
DA:120,0
DA:121,0
DA:123,0
DA:128,0
DA:140,0
DA:141,0
DA:142,0
DA:143,0
DA:145,0
DA:150,0
DA:162,0
DA:163,0
DA:164,0
DA:165,0
DA:167,0
DA:172,0
DA:180,0
LF:44
LH:0
BRDA:31,0,0,0
BRDA:31,0,1,0
BRDA:31,1,0,0
BRDA:31,1,1,0
BRDA:68,2,0,0
BRDA:68,2,1,0
BRDA:71,3,0,0
BRDA:71,3,1,0
BRDA:72,4,0,0
BRDA:72,4,1,0
BRDA:73,5,0,0
BRDA:73,5,1,0
BRDA:74,6,0,0
BRDA:74,6,1,0
BRDA:76,7,0,0
BRDA:76,7,1,0
BRDA:80,8,0,0
BRDA:80,8,1,0
BRDA:99,9,0,0
BRDA:99,9,1,0
BRDA:121,10,0,0
BRDA:121,10,1,0
BRDA:143,11,0,0
BRDA:143,11,1,0
BRDA:165,12,0,0
BRDA:165,12,1,0
BRF:26
BRH:0
end_of_record
TN:
SF:src\routes\webhookRoutes.js
FNF:0
FNH:0
DA:1,0
DA:2,0
DA:3,0
DA:4,0
DA:7,0
DA:10,0
DA:12,0
LF:7
LH:0
BRF:0
BRH:0
end_of_record
TN:
SF:src\services\auditService.js
FN:19,(anonymous_0)
FN:71,(anonymous_1)
FN:94,(anonymous_2)
FN:110,(anonymous_3)
FN:177,(anonymous_4)
FN:210,(anonymous_5)
FNF:6
FNH:0
FNDA:0,(anonymous_0)
FNDA:0,(anonymous_1)
FNDA:0,(anonymous_2)
FNDA:0,(anonymous_3)
FNDA:0,(anonymous_4)
FNDA:0,(anonymous_5)
DA:1,0
DA:19,0
DA:28,0
DA:29,0
DA:31,0
DA:37,0
DA:38,0
DA:40,0
DA:50,0
DA:52,0
DA:57,0
DA:58,0
DA:71,0
DA:72,0
DA:73,0
DA:75,0
DA:92,0
DA:94,0
DA:100,0
DA:101,0
DA:110,0
DA:111,0
DA:112,0
DA:114,0
DA:127,0
DA:129,0
DA:130,0
DA:131,0
DA:134,0
DA:135,0
DA:136,0
DA:139,0
DA:140,0
DA:141,0
DA:144,0
DA:145,0
DA:146,0
DA:149,0
DA:150,0
DA:151,0
DA:154,0
DA:156,0
DA:157,0
DA:158,0
DA:160,0
DA:163,0
DA:164,0
DA:166,0
DA:167,0
DA:177,0
DA:178,0
DA:179,0
DA:181,0
DA:192,0
DA:194,0
DA:200,0
DA:201,0
DA:210,0
DA:211,0
DA:212,0
DA:214,0
DA:219,0
DA:221,0
DA:223,0
DA:228,0
DA:229,0
DA:236,0
LF:67
LH:0
BRDA:24,0,0,0
BRDA:25,1,0,0
BRDA:26,2,0,0
BRDA:37,3,0,0
BRDA:37,3,1,0
BRDA:38,4,0,0
BRDA:38,4,1,0
BRDA:96,5,0,0
BRDA:96,5,1,0
BRDA:97,6,0,0
BRDA:97,6,1,0
BRDA:110,7,0,0
BRDA:129,8,0,0
BRDA:129,8,1,0
BRDA:134,9,0,0
BRDA:134,9,1,0
BRDA:139,10,0,0
BRDA:139,10,1,0
BRDA:144,11,0,0
BRDA:144,11,1,0
BRDA:149,12,0,0
BRDA:149,12,1,0
BRDA:156,13,0,0
BRDA:156,13,1,0
BRDA:177,14,0,0
BRDA:210,15,0,0
BRF:26
BRH:0
end_of_record
TN:
SF:src\services\cacheService.js
FN:16,(anonymous_0)
FN:34,(anonymous_1)
FN:44,(anonymous_2)
FN:44,(anonymous_3)
FN:51,(anonymous_4)
FN:74,(anonymous_5)
FN:89,(anonymous_6)
FN:113,(anonymous_7)
FN:133,(anonymous_8)
FN:150,(anonymous_9)
FN:168,(anonymous_10)
FN:185,(anonymous_11)
FN:204,(anonymous_12)
FNF:13
FNH:10
FNDA:3,(anonymous_0)
FNDA:0,(anonymous_1)
FNDA:3,(anonymous_2)
FNDA:2,(anonymous_3)
FNDA:0,(anonymous_4)
FNDA:0,(anonymous_5)
FNDA:8,(anonymous_6)
FNDA:10,(anonymous_7)
FNDA:3,(anonymous_8)
FNDA:2,(anonymous_9)
FNDA:3,(anonymous_10)
FNDA:4,(anonymous_11)
FNDA:5,(anonymous_12)
DA:1,1
DA:9,1
DA:16,1
DA:17,3
DA:18,3
DA:19,3
DA:20,3
DA:22,3
DA:34,3
DA:38,3
DA:41,3
DA:42,3
DA:44,3
DA:48,2
DA:51,2
DA:52,0
DA:55,2
DA:58,1
DA:59,1
DA:60,1
DA:61,1
DA:62,1
DA:65,0
DA:66,0
DA:74,1
DA:75,0
DA:76,0
DA:77,0
DA:79,0
DA:89,1
DA:90,8
DA:91,8
DA:93,7
DA:94,7
DA:95,6
DA:97,1
DA:100,6
DA:101,6
DA:103,1
DA:104,1
DA:113,1
DA:114,10
DA:115,10
DA:117,9
DA:118,7
DA:120,3
DA:121,3
DA:123,2
DA:124,2
DA:133,1
DA:134,3
DA:135,3
DA:137,2
DA:138,1
DA:139,1
DA:141,1
DA:142,1
DA:150,1
DA:151,2
DA:152,2
DA:154,2
DA:155,1
DA:156,1
DA:158,1
DA:159,1
DA:168,1
DA:169,3
DA:170,3
DA:172,2
DA:173,2
DA:175,0
DA:176,0
DA:185,1
DA:186,4
DA:187,4
DA:189,3
DA:191,0
DA:192,0
DA:204,1
DA:205,5
DA:207,5
DA:208,5
DA:209,1
DA:210,1
DA:214,4
DA:215,4
DA:218,4
DA:219,3
DA:222,4
DA:224,0
DA:225,0
DA:229,1
LF:92
LH:79
BRDA:16,0,0,3
BRDA:18,1,0,3
BRDA:18,1,1,2
BRDA:19,2,0,3
BRDA:19,2,1,2
BRDA:20,3,0,3
BRDA:20,3,1,2
BRDA:75,4,0,0
BRDA:75,4,1,0
BRDA:89,5,0,2
BRDA:91,6,0,1
BRDA:91,6,1,7
BRDA:91,7,0,8
BRDA:91,7,1,8
BRDA:94,8,0,6
BRDA:94,8,1,1
BRDA:115,9,0,1
BRDA:115,9,1,9
BRDA:115,10,0,10
BRDA:115,10,1,10
BRDA:118,11,0,4
BRDA:118,11,1,3
BRDA:135,12,0,1
BRDA:135,12,1,2
BRDA:135,13,0,3
BRDA:135,13,1,3
BRDA:152,14,0,0
BRDA:152,14,1,2
BRDA:152,15,0,2
BRDA:152,15,1,2
BRDA:170,16,0,1
BRDA:170,16,1,2
BRDA:170,17,0,3
BRDA:170,17,1,3
BRDA:187,18,0,1
BRDA:187,18,1,3
BRDA:187,19,0,4
BRDA:187,19,1,4
BRDA:204,20,0,3
BRDA:208,21,0,1
BRDA:208,21,1,4
BRDA:218,22,0,3
BRDA:218,22,1,1
BRF:43
BRH:40
end_of_record
TN:
SF:src\services\clienteService.js
FN:16,(anonymous_0)
FN:66,(anonymous_1)
FN:103,(anonymous_2)
FN:104,(anonymous_3)
FN:145,(anonymous_4)
FN:166,(anonymous_5)
FN:205,(anonymous_6)
FNF:7
FNH:0
FNDA:0,(anonymous_0)
FNDA:0,(anonymous_1)
FNDA:0,(anonymous_2)
FNDA:0,(anonymous_3)
FNDA:0,(anonymous_4)
FNDA:0,(anonymous_5)
FNDA:0,(anonymous_6)
DA:1,0
DA:2,0
DA:3,0
DA:16,0
DA:17,0
DA:19,0
DA:20,0
DA:25,0
DA:27,0
DA:32,0
DA:34,0
DA:38,0
DA:42,0
DA:47,0
DA:50,0
DA:55,0
DA:57,0
DA:58,0
DA:66,0
DA:67,0
DA:68,0
DA:69,0
DA:87,0
DA:88,0
DA:90,0
DA:91,0
DA:103,0
DA:104,0
DA:105,0
DA:106,0
DA:109,0
DA:113,0
DA:116,0
DA:120,0
DA:123,0
DA:132,0
DA:134,0
DA:135,0
DA:145,0
DA:146,0
DA:147,0
DA:148,0
DA:152,0
DA:154,0
DA:155,0
DA:166,0
DA:167,0
DA:168,0
DA:171,0
DA:175,0
DA:177,0
DA:183,0
DA:192,0
DA:193,0
DA:195,0
DA:196,0
DA:205,0
DA:206,0
DA:207,0
DA:208,0
DA:212,0
DA:214,0
DA:215,0
DA:219,0
LF:64
LH:0
BRDA:16,0,0,0
BRDA:16,1,0,0
BRDA:25,2,0,0
BRDA:25,2,1,0
BRDA:103,3,0,0
BRDA:113,4,0,0
BRDA:113,4,1,0
BRDA:152,5,0,0
BRDA:152,5,1,0
BRDA:152,6,0,0
BRDA:152,6,1,0
BRDA:166,7,0,0
BRDA:175,8,0,0
BRDA:175,8,1,0
BRDA:192,9,0,0
BRDA:192,9,1,0
BRDA:212,10,0,0
BRDA:212,10,1,0
BRF:18
BRH:0
end_of_record
TN:
SF:src\services\debtScraperService.js
FN:19,cleanOldFiles
FN:43,waitForDownload
FN:49,(anonymous_2)
FN:77,delay
FN:78,(anonymous_4)
FN:85,obtenerDeudaYBoleto
FN:132,(anonymous_6)
FN:133,(anonymous_7)
FN:134,(anonymous_8)
FN:147,(anonymous_9)
FN:159,(anonymous_10)
FN:229,clickByText
FN:231,(anonymous_12)
FNF:13
FNH:0
FNDA:0,cleanOldFiles
FNDA:0,waitForDownload
FNDA:0,(anonymous_2)
FNDA:0,delay
FNDA:0,(anonymous_4)
FNDA:0,obtenerDeudaYBoleto
FNDA:0,(anonymous_6)
FNDA:0,(anonymous_7)
FNDA:0,(anonymous_8)
FNDA:0,(anonymous_9)
FNDA:0,(anonymous_10)
FNDA:0,clickByText
FNDA:0,(anonymous_12)
DA:1,0
DA:2,0
DA:3,0
DA:4,0
DA:6,0
DA:7,0
DA:8,0
DA:9,0
DA:12,0
DA:13,0
DA:20,0
DA:21,0
DA:22,0
DA:23,0
DA:25,0
DA:26,0
DA:27,0
DA:28,0
DA:29,0
DA:30,0
DA:31,0
DA:35,0
DA:44,0
DA:45,0
DA:47,0
DA:48,0
DA:49,0
DA:50,0
DA:52,0
DA:54,0
DA:55,0
DA:56,0
DA:58,0
DA:59,0
DA:62,0
DA:63,0
DA:68,0
DA:69,0
DA:71,0
DA:74,0
DA:78,0
DA:87,0
DA:88,0
DA:90,0
DA:92,0
DA:94,0
DA:95,0
DA:96,0
DA:99,0
DA:102,0
DA:105,0
DA:106,0
DA:112,0
DA:115,0
DA:116,0
DA:117,0
DA:120,0
DA:121,0
DA:122,0
DA:123,0
DA:124,0
DA:127,0
DA:130,0
DA:131,0
DA:132,0
DA:133,0
DA:134,0
DA:136,0
DA:137,0
DA:140,0
DA:141,0
DA:147,0
DA:148,0
DA:156,0
DA:159,0
DA:160,0
DA:162,0
DA:163,0
DA:164,0
DA:165,0
DA:166,0
DA:171,0
DA:172,0
DA:173,0
DA:177,0
DA:178,0
DA:179,0
DA:183,0
DA:184,0
DA:185,0
DA:189,0
DA:190,0
DA:191,0
DA:194,0
DA:197,0
DA:198,0
DA:201,0
DA:204,0
DA:206,0
DA:213,0
DA:214,0
DA:216,0
DA:217,0
DA:218,0
DA:230,0
DA:231,0
DA:233,0
DA:234,0
DA:235,0
DA:236,0
DA:239,0
LF:111
LH:0
BRDA:12,0,0,0
BRDA:12,0,1,0
BRDA:26,1,0,0
BRDA:26,1,1,0
BRDA:29,2,0,0
BRDA:29,2,1,0
BRDA:43,3,0,0
BRDA:50,4,0,0
BRDA:50,4,1,0
BRDA:54,5,0,0
BRDA:54,5,1,0
BRDA:122,6,0,0
BRDA:122,6,1,0
BRDA:136,7,0,0
BRDA:136,7,1,0
BRDA:140,8,0,0
BRDA:140,8,1,0
BRDA:156,9,0,0
BRDA:156,9,1,0
BRDA:162,10,0,0
BRDA:162,10,1,0
BRDA:164,11,0,0
BRDA:164,11,1,0
BRDA:172,12,0,0
BRDA:172,12,1,0
BRDA:178,13,0,0
BRDA:178,13,1,0
BRDA:184,14,0,0
BRDA:184,14,1,0
BRDA:190,15,0,0
BRDA:190,15,1,0
BRDA:216,16,0,0
BRDA:216,16,1,0
BRDA:234,17,0,0
BRDA:234,17,1,0
BRF:35
BRH:0
end_of_record
TN:
SF:src\services\fileValidator.js
FN:12,validateFileIntegrity
FN:40,safeUnlink
FNF:2
FNH:0
FNDA:0,validateFileIntegrity
FNDA:0,safeUnlink
DA:1,0
DA:2,0
DA:3,0
DA:5,0
DA:13,0
DA:14,0
DA:15,0
DA:18,0
DA:19,0
DA:20,0
DA:24,0
DA:32,0
DA:33,0
DA:34,0
DA:37,0
DA:41,0
DA:42,0
DA:48,0
LF:18
LH:0
BRDA:18,0,0,0
BRDA:18,0,1,0
BRDA:18,1,0,0
BRDA:18,1,1,0
BRDA:24,2,0,0
BRDA:24,2,1,0
BRDA:26,3,0,0
BRDA:26,3,1,0
BRDA:28,4,0,0
BRDA:28,4,1,0
BRDA:32,5,0,0
BRDA:32,5,1,0
BRDA:32,6,0,0
BRDA:32,6,1,0
BRDA:32,6,2,0
BRDA:32,6,3,0
BRDA:32,7,0,0
BRDA:32,7,1,0
BRF:18
BRH:0
end_of_record
TN:
SF:src\services\healthService.js
FN:15,(anonymous_0)
FN:44,(anonymous_1)
FN:87,(anonymous_2)
FN:105,(anonymous_3)
FN:106,(anonymous_4)
FN:134,(anonymous_5)
FN:202,(anonymous_6)
FNF:7
FNH:0
FNDA:0,(anonymous_0)
FNDA:0,(anonymous_1)
FNDA:0,(anonymous_2)
FNDA:0,(anonymous_3)
FNDA:0,(anonymous_4)
FNDA:0,(anonymous_5)
FNDA:0,(anonymous_6)
DA:1,0
DA:2,0
DA:3,0
DA:4,0
DA:15,0
DA:16,0
DA:17,0
DA:18,0
DA:19,0
DA:22,0
DA:23,0
DA:25,0
DA:26,0
DA:32,0
DA:44,0
DA:45,0
DA:46,0
DA:47,0
DA:48,0
DA:50,0
DA:51,0
DA:59,0
DA:60,0
DA:69,0
DA:75,0
DA:87,0
DA:88,0
DA:89,0
DA:93,0
DA:95,0
DA:96,0
DA:104,0
DA:105,0
DA:106,0
DA:108,0
DA:109,0
DA:116,0
DA:122,0
DA:134,0
DA:135,0
DA:137,0
DA:140,0
DA:141,0
DA:142,0
DA:143,0
DA:147,0
DA:148,0
DA:151,0
DA:152,0
DA:153,0
DA:159,0
DA:167,0
DA:168,0
DA:172,0
DA:189,0
DA:202,0
DA:203,0
DA:204,0
DA:207,0
DA:215,0
DA:216,0
DA:217,0
DA:218,0
DA:219,0
DA:222,0
DA:224,0
DA:254,0
DA:264,0
LF:68
LH:0
BRDA:48,0,0,0
BRDA:48,0,1,0
BRDA:50,1,0,0
BRDA:50,1,1,0
BRDA:50,2,0,0
BRDA:50,2,1,0
BRDA:59,3,0,0
BRDA:59,3,1,0
BRDA:78,4,0,0
BRDA:78,4,1,0
BRDA:95,5,0,0
BRDA:95,5,1,0
BRDA:108,6,0,0
BRDA:108,6,1,0
BRDA:137,7,0,0
BRDA:137,7,1,0
BRDA:164,8,0,0
BRDA:164,8,1,0
BRDA:167,9,0,0
BRDA:167,9,1,0
BRDA:168,10,0,0
BRDA:168,10,1,0
BRDA:216,11,0,0
BRDA:216,11,1,0
BRDA:216,12,0,0
BRDA:216,12,1,0
BRDA:218,13,0,0
BRDA:218,13,1,0
BRDA:218,14,0,0
BRDA:218,14,1,0
BRDA:218,14,2,0
BRF:31
BRH:0
end_of_record
TN:
SF:src\services\logService.js
FN:49,(anonymous_0)
FN:80,(anonymous_1)
FN:89,(anonymous_2)
FN:98,(anonymous_3)
FN:107,(anonymous_4)
FN:117,(anonymous_5)
FN:136,(anonymous_6)
FN:152,(anonymous_7)
FN:166,(anonymous_8)
FN:177,(anonymous_9)
FNF:10
FNH:0
FNDA:0,(anonymous_0)
FNDA:0,(anonymous_1)
FNDA:0,(anonymous_2)
FNDA:0,(anonymous_3)
FNDA:0,(anonymous_4)
FNDA:0,(anonymous_5)
FNDA:0,(anonymous_6)
FNDA:0,(anonymous_7)
FNDA:0,(anonymous_8)
FNDA:0,(anonymous_9)
DA:1,0
DA:2,0
DA:3,0
DA:11,0
DA:12,0
DA:13,0
DA:19,0
DA:50,0
DA:51,0
DA:52,0
DA:54,0
DA:64,0
DA:80,0
DA:81,0
DA:89,0
DA:90,0
DA:98,0
DA:99,0
DA:107,0
DA:108,0
DA:117,0
DA:118,0
DA:136,0
DA:137,0
DA:152,0
DA:153,0
DA:154,0
DA:166,0
DA:167,0
DA:177,0
DA:178,0
DA:181,0
LF:32
LH:0
BRDA:12,0,0,0
BRDA:12,0,1,0
BRDA:44,1,0,0
BRDA:44,1,1,0
BRDA:51,2,0,0
BRDA:51,2,1,0
BRDA:65,3,0,0
BRDA:65,3,1,0
BRDA:80,4,0,0
BRDA:89,5,0,0
BRDA:98,6,0,0
BRDA:107,7,0,0
BRDA:123,8,0,0
BRDA:123,8,1,0
BRDA:124,9,0,0
BRDA:124,9,1,0
BRDA:136,10,0,0
BRDA:152,11,0,0
BRDA:153,12,0,0
BRDA:153,12,1,0
BRDA:153,13,0,0
BRDA:153,13,1,0
BRDA:166,14,0,0
BRF:23
BRH:0
end_of_record
TN:
SF:src\services\mensajeService.js
FN:12,(anonymous_0)
FN:13,(anonymous_1)
FN:69,(anonymous_2)
FN:99,(anonymous_3)
FN:115,(anonymous_4)
FN:116,(anonymous_5)
FNF:6
FNH:0
FNDA:0,(anonymous_0)
FNDA:0,(anonymous_1)
FNDA:0,(anonymous_2)
FNDA:0,(anonymous_3)
FNDA:0,(anonymous_4)
FNDA:0,(anonymous_5)
DA:1,0
DA:2,0
DA:3,0
DA:12,0
DA:13,0
DA:14,0
DA:21,0
DA:23,0
DA:26,0
DA:30,0
DA:33,0
DA:34,0
DA:38,0
DA:40,0
DA:43,0
DA:44,0
DA:46,0
DA:56,0
DA:57,0
DA:69,0
DA:70,0
DA:71,0
DA:74,0
DA:75,0
DA:78,0
DA:88,0
DA:90,0
DA:91,0
DA:99,0
DA:100,0
DA:102,0
DA:103,0
DA:105,0
DA:106,0
DA:115,0
DA:116,0
DA:117,0
DA:118,0
DA:121,0
DA:125,0
DA:128,0
DA:132,0
DA:133,0
DA:135,0
DA:137,0
DA:138,0
DA:143,0
LF:47
LH:0
BRDA:17,0,0,0
BRDA:18,1,0,0
BRDA:19,2,0,0
BRDA:20,3,0,0
BRDA:33,4,0,0
BRDA:33,4,1,0
BRDA:43,5,0,0
BRDA:43,5,1,0
BRDA:69,6,0,0
BRDA:69,7,0,0
BRDA:74,8,0,0
BRDA:74,8,1,0
BRDA:75,9,0,0
BRDA:75,9,1,0
BRF:14
BRH:0
end_of_record
TN:
SF:src\services\retryService.js
FN:16,withRetry
FN:71,sleep
FN:72,(anonymous_2)
FN:81,withWhatsAppRetry
FN:87,(anonymous_4)
FNF:5
FNH:0
FNDA:0,withRetry
FNDA:0,sleep
FNDA:0,(anonymous_2)
FNDA:0,withWhatsAppRetry
FNDA:0,(anonymous_4)
DA:23,0
DA:27,0
DA:28,0
DA:29,0
DA:31,0
DA:34,0
DA:35,0
DA:39,0
DA:41,0
DA:44,0
DA:45,0
DA:46,0
DA:50,0
DA:52,0
DA:55,0
DA:56,0
DA:60,0
DA:64,0
DA:72,0
DA:82,0
DA:88,0
DA:89,0
DA:90,0
DA:95,0
LF:24
LH:0
BRDA:16,0,0,0
BRDA:18,1,0,0
BRDA:19,2,0,0
BRDA:20,3,0,0
BRDA:21,4,0,0
BRDA:22,5,0,0
BRDA:34,6,0,0
BRDA:34,6,1,0
BRDA:41,7,0,0
BRDA:41,7,1,0
BRDA:44,8,0,0
BRDA:44,8,1,0
BRDA:52,9,0,0
BRDA:52,9,1,0
BRDA:55,10,0,0
BRDA:55,10,1,0
BRDA:81,11,0,0
BRDA:89,12,0,0
BRDA:89,12,1,0
BRF:19
BRH:0
end_of_record
TN:
SF:src\services\transactionService.js
FN:27,(anonymous_0)
FN:77,(anonymous_1)
FN:78,(anonymous_2)
FN:104,(anonymous_3)
FNF:4
FNH:0
FNDA:0,(anonymous_0)
FNDA:0,(anonymous_1)
FNDA:0,(anonymous_2)
FNDA:0,(anonymous_3)
DA:1,0
DA:27,0
DA:28,0
DA:29,0
DA:31,0
DA:32,0
DA:35,0
DA:38,0
DA:41,0
DA:42,0
DA:44,0
DA:47,0
DA:48,0
DA:49,0
DA:51,0
DA:55,0
DA:58,0
DA:77,0
DA:78,0
DA:79,0
DA:81,0
DA:82,0
DA:83,0
DA:84,0
DA:85,0
DA:87,0
DA:88,0
DA:92,0
DA:104,0
DA:105,0
DA:106,0
DA:107,0
DA:108,0
DA:109,0
DA:111,0
DA:112,0
DA:116,0
LF:37
LH:0
BRDA:104,0,0,0
BRF:1
BRH:0
end_of_record
TN:
SF:src\services\whatsappService.js
FN:13,(anonymous_0)
FN:19,(anonymous_1)
FN:51,(anonymous_2)
FN:57,(anonymous_3)
FN:92,(anonymous_4)
FN:113,(anonymous_5)
FN:136,(anonymous_6)
FN:159,(anonymous_7)
FN:184,(anonymous_8)
FN:248,(anonymous_9)
FN:267,(anonymous_10)
FN:300,(anonymous_11)
FN:339,(anonymous_12)
FN:371,(anonymous_13)
FN:408,(anonymous_14)
FN:450,(anonymous_15)
FN:474,(anonymous_16)
FNF:17
FNH:0
FNDA:0,(anonymous_0)
FNDA:0,(anonymous_1)
FNDA:0,(anonymous_2)
FNDA:0,(anonymous_3)
FNDA:0,(anonymous_4)
FNDA:0,(anonymous_5)
FNDA:0,(anonymous_6)
FNDA:0,(anonymous_7)
FNDA:0,(anonymous_8)
FNDA:0,(anonymous_9)
FNDA:0,(anonymous_10)
FNDA:0,(anonymous_11)
FNDA:0,(anonymous_12)
FNDA:0,(anonymous_13)
FNDA:0,(anonymous_14)
FNDA:0,(anonymous_15)
FNDA:0,(anonymous_16)
DA:1,0
DA:2,0
DA:3,0
DA:4,0
DA:6,0
DA:13,0
DA:15,0
DA:16,0
DA:19,0
DA:20,0
DA:22,0
DA:31,0
DA:38,0
DA:39,0
DA:40,0
DA:51,0
DA:53,0
DA:54,0
DA:57,0
DA:58,0
DA:60,0
DA:64,0
DA:65,0
DA:68,0
DA:75,0
DA:82,0
DA:83,0
DA:84,0
DA:92,0
DA:93,0
DA:94,0
DA:99,0
DA:100,0
DA:101,0
DA:103,0
DA:104,0
DA:113,0
DA:114,0
DA:115,0
DA:116,0
DA:118,0
DA:119,0
DA:120,0
DA:121,0
DA:125,0
DA:126,0
DA:127,0
DA:128,0
DA:131,0
DA:132,0
DA:133,0
DA:135,0
DA:136,0
DA:137,0
DA:138,0
DA:139,0
DA:140,0
DA:144,0
DA:147,0
DA:149,0
DA:150,0
DA:159,0
DA:160,0
DA:166,0
DA:167,0
DA:168,0
DA:170,0
DA:171,0
DA:184,0
DA:186,0
DA:187,0
DA:190,0
DA:191,0
DA:195,0
DA:196,0
DA:203,0
DA:209,0
DA:226,0
DA:233,0
DA:234,0
DA:235,0
DA:237,0
DA:238,0
DA:248,0
DA:250,0
DA:251,0
DA:254,0
DA:255,0
DA:257,0
DA:267,0
DA:278,0
DA:285,0
DA:286,0
DA:287,0
DA:289,0
DA:290,0
DA:300,0
DA:302,0
DA:303,0
DA:306,0
DA:307,0
DA:309,0
DA:319,0
DA:326,0
DA:327,0
DA:328,0
DA:330,0
DA:331,0
DA:339,0
DA:340,0
DA:341,0
DA:343,0
DA:349,0
DA:356,0
DA:357,0
DA:358,0
DA:360,0
DA:361,0
DA:371,0
DA:372,0
DA:373,0
DA:375,0
DA:376,0
DA:378,0
DA:379,0
DA:380,0
DA:384,0
DA:391,0
DA:392,0
DA:393,0
DA:396,0
DA:397,0
DA:408,0
DA:410,0
DA:411,0
DA:414,0
DA:415,0
DA:417,0
DA:428,0
DA:435,0
DA:436,0
DA:439,0
DA:440,0
DA:450,0
DA:452,0
DA:453,0
DA:457,0
DA:458,0
DA:461,0
DA:462,0
DA:464,0
DA:474,0
DA:485,0
DA:492,0
DA:493,0
DA:496,0
DA:497,0
DA:501,0
LF:158
LH:0
BRDA:15,0,0,0
BRDA:15,0,1,0
BRDA:51,1,0,0
BRDA:51,2,0,0
BRDA:53,3,0,0
BRDA:53,3,1,0
BRDA:64,4,0,0
BRDA:64,4,1,0
BRDA:64,5,0,0
BRDA:64,5,1,0
BRDA:64,5,2,0
BRDA:103,6,0,0
BRDA:103,6,1,0
BRDA:120,7,0,0
BRDA:120,7,1,0
BRDA:127,8,0,0
BRDA:127,8,1,0
BRDA:131,9,0,0
BRDA:131,9,1,0
BRDA:131,10,0,0
BRDA:131,10,1,0
BRDA:131,10,2,0
BRDA:149,11,0,0
BRDA:149,11,1,0
BRDA:168,12,0,0
BRDA:168,12,1,0
BRDA:170,13,0,0
BRDA:170,13,1,0
BRDA:184,14,0,0
BRDA:186,15,0,0
BRDA:186,15,1,0
BRDA:195,16,0,0
BRDA:195,16,1,0
BRDA:237,17,0,0
BRDA:237,17,1,0
BRDA:250,18,0,0
BRDA:250,18,1,0
BRDA:289,19,0,0
BRDA:289,19,1,0
BRDA:300,20,0,0
BRDA:302,21,0,0
BRDA:302,21,1,0
BRDA:330,22,0,0
BRDA:330,22,1,0
BRDA:360,23,0,0
BRDA:360,23,1,0
BRDA:396,24,0,0
BRDA:396,24,1,0
BRDA:408,25,0,0
BRDA:410,26,0,0
BRDA:410,26,1,0
BRDA:439,27,0,0
BRDA:439,27,1,0
BRDA:452,28,0,0
BRDA:452,28,1,0
BRDA:457,29,0,0
BRDA:457,29,1,0
BRDA:477,30,0,0
BRDA:477,30,1,0
BRDA:496,31,0,0
BRDA:496,31,1,0
BRF:61
BRH:0
end_of_record
TN:
SF:src\validators\messageValidators.js
FN:133,(anonymous_0)
FN:134,(anonymous_1)
FN:141,(anonymous_2)
FNF:3
FNH:3
FNDA:3,(anonymous_0)
FNDA:3,(anonymous_1)
FNDA:2,(anonymous_2)
DA:1,1
DA:6,1
DA:31,1
DA:107,1
DA:120,1
DA:133,1
DA:134,3
DA:135,3
DA:140,3
DA:141,2
DA:146,1
DA:154,2
DA:155,2
DA:159,1
LF:14
LH:14
BRDA:133,0,0,0
BRDA:140,1,0,1
BRDA:140,1,1,2
BRF:3
BRH:2
end_of_record
